<?xml version="1.0" encoding="UTF-8"?>
<testsuite xmlns:xsi="http://www.w3.org/2001/XMLSchema-instance" xsi:noNamespaceSchemaLocation="https://maven.apache.org/surefire/maven-surefire-plugin/xsd/surefire-test-report-3.0.xsd" version="3.0" name="TestSuite" time="24.685" tests="21" errors="0" skipped="0" failures="1">
  <properties>
    <property name="java.specification.version" value="21"/>
    <property name="sun.cpu.isalist" value="amd64"/>
    <property name="sun.jnu.encoding" value="Cp1252"/>
    <property name="java.class.path" value="C:\Users\kandr\eclipse-workspace2\API_Assignment_Dicetek_Intigral_Harikrishna_Kandra\target\test-classes;C:\Users\kandr\eclipse-workspace2\API_Assignment_Dicetek_Intigral_Harikrishna_Kandra\target\classes;C:\Users\kandr\.m2\repository\io\rest-assured\rest-assured\5.3.0\rest-assured-5.3.0.jar;C:\Users\kandr\.m2\repository\org\apache\groovy\groovy\4.0.6\groovy-4.0.6.jar;C:\Users\kandr\.m2\repository\org\apache\groovy\groovy-xml\4.0.6\groovy-xml-4.0.6.jar;C:\Users\kandr\.m2\repository\org\apache\httpcomponents\httpclient\4.5.13\httpclient-4.5.13.jar;C:\Users\kandr\.m2\repository\org\apache\httpcomponents\httpcore\4.4.13\httpcore-4.4.13.jar;C:\Users\kandr\.m2\repository\commons-logging\commons-logging\1.2\commons-logging-1.2.jar;C:\Users\kandr\.m2\repository\org\apache\httpcomponents\httpmime\4.5.13\httpmime-4.5.13.jar;C:\Users\kandr\.m2\repository\org\ccil\cowan\tagsoup\tagsoup\1.2.1\tagsoup-1.2.1.jar;C:\Users\kandr\.m2\repository\io\rest-assured\json-path\5.4.0\json-path-5.4.0.jar;C:\Users\kandr\.m2\repository\org\apache\groovy\groovy-json\4.0.16\groovy-json-4.0.16.jar;C:\Users\kandr\.m2\repository\io\rest-assured\rest-assured-common\5.4.0\rest-assured-common-5.4.0.jar;C:\Users\kandr\.m2\repository\org\json\json\20231013\json-20231013.jar;C:\Users\kandr\.m2\repository\org\testng\testng\7.7.1\testng-7.7.1.jar;C:\Users\kandr\.m2\repository\org\slf4j\slf4j-api\1.7.36\slf4j-api-1.7.36.jar;C:\Users\kandr\.m2\repository\com\beust\jcommander\1.82\jcommander-1.82.jar;C:\Users\kandr\.m2\repository\org\webjars\jquery\3.6.1\jquery-3.6.1.jar;C:\Users\kandr\.m2\repository\com\github\scribejava\scribejava-apis\8.3.1\scribejava-apis-8.3.1.jar;C:\Users\kandr\.m2\repository\com\github\scribejava\scribejava-core\8.3.1\scribejava-core-8.3.1.jar;C:\Users\kandr\.m2\repository\com\github\scribejava\scribejava-java8\8.3.1\scribejava-java8-8.3.1.jar;C:\Users\kandr\.m2\repository\com\fasterxml\jackson\core\jackson-databind\2.12.3\jackson-databind-2.12.3.jar;C:\Users\kandr\.m2\repository\com\fasterxml\jackson\core\jackson-annotations\2.12.3\jackson-annotations-2.12.3.jar;C:\Users\kandr\.m2\repository\com\fasterxml\jackson\core\jackson-core\2.12.3\jackson-core-2.12.3.jar;C:\Users\kandr\.m2\repository\io\rest-assured\json-schema-validator\5.4.0\json-schema-validator-5.4.0.jar;C:\Users\kandr\.m2\repository\com\github\java-json-tools\json-schema-validator\2.2.14\json-schema-validator-2.2.14.jar;C:\Users\kandr\.m2\repository\com\github\java-json-tools\jackson-coreutils-equivalence\1.0\jackson-coreutils-equivalence-1.0.jar;C:\Users\kandr\.m2\repository\com\github\java-json-tools\jackson-coreutils\2.0\jackson-coreutils-2.0.jar;C:\Users\kandr\.m2\repository\com\github\java-json-tools\msg-simple\1.2\msg-simple-1.2.jar;C:\Users\kandr\.m2\repository\com\github\java-json-tools\btf\1.3\btf-1.3.jar;C:\Users\kandr\.m2\repository\com\github\java-json-tools\json-schema-core\1.2.14\json-schema-core-1.2.14.jar;C:\Users\kandr\.m2\repository\com\github\java-json-tools\uri-template\0.10\uri-template-0.10.jar;C:\Users\kandr\.m2\repository\org\mozilla\rhino\1.7.7.2\rhino-1.7.7.2.jar;C:\Users\kandr\.m2\repository\com\sun\mail\mailapi\1.6.2\mailapi-1.6.2.jar;C:\Users\kandr\.m2\repository\joda-time\joda-time\2.10.5\joda-time-2.10.5.jar;C:\Users\kandr\.m2\repository\com\googlecode\libphonenumber\libphonenumber\8.11.1\libphonenumber-8.11.1.jar;C:\Users\kandr\.m2\repository\com\google\code\findbugs\jsr305\3.0.2\jsr305-3.0.2.jar;C:\Users\kandr\.m2\repository\net\sf\jopt-simple\jopt-simple\5.0.4\jopt-simple-5.0.4.jar;C:\Users\kandr\.m2\repository\com\google\guava\guava\32.0.1-jre\guava-32.0.1-jre.jar;C:\Users\kandr\.m2\repository\com\google\guava\failureaccess\1.0.1\failureaccess-1.0.1.jar;C:\Users\kandr\.m2\repository\com\google\guava\listenablefuture\9999.0-empty-to-avoid-conflict-with-guava\listenablefuture-9999.0-empty-to-avoid-conflict-with-guava.jar;C:\Users\kandr\.m2\repository\org\checkerframework\checker-qual\3.33.0\checker-qual-3.33.0.jar;C:\Users\kandr\.m2\repository\com\google\errorprone\error_prone_annotations\2.18.0\error_prone_annotations-2.18.0.jar;C:\Users\kandr\.m2\repository\com\google\j2objc\j2objc-annotations\2.8\j2objc-annotations-2.8.jar;C:\Users\kandr\.m2\repository\io\rest-assured\xml-path\5.4.0\xml-path-5.4.0.jar;C:\Users\kandr\.m2\repository\org\apache\commons\commons-lang3\3.11\commons-lang3-3.11.jar;C:\Users\kandr\.m2\repository\com\google\code\gson\gson\2.10.1\gson-2.10.1.jar;C:\Users\kandr\.m2\repository\org\hamcrest\hamcrest\2.2\hamcrest-2.2.jar;C:\Users\kandr\.m2\repository\com\github\javafaker\javafaker\1.0.2\javafaker-1.0.2.jar;C:\Users\kandr\.m2\repository\org\yaml\snakeyaml\1.23\snakeyaml-1.23-android.jar;C:\Users\kandr\.m2\repository\com\github\mifmif\generex\1.0.2\generex-1.0.2.jar;C:\Users\kandr\.m2\repository\dk\brics\automaton\automaton\1.11-8\automaton-1.11-8.jar;C:\Users\kandr\.m2\repository\com\aventstack\extentreports\5.0.9\extentreports-5.0.9.jar;C:\Users\kandr\.m2\repository\io\reactivex\rxjava3\rxjava\3.0.4\rxjava-3.0.4.jar;C:\Users\kandr\.m2\repository\org\reactivestreams\reactive-streams\1.0.3\reactive-streams-1.0.3.jar;C:\Users\kandr\.m2\repository\org\freemarker\freemarker\2.3.30\freemarker-2.3.30.jar;C:\Users\kandr\.m2\repository\org\projectlombok\lombok\1.18.12\lombok-1.18.12.jar;C:\Users\kandr\.m2\repository\org\apache\poi\poi\5.2.3\poi-5.2.3.jar;C:\Users\kandr\.m2\repository\commons-codec\commons-codec\1.15\commons-codec-1.15.jar;C:\Users\kandr\.m2\repository\org\apache\commons\commons-collections4\4.4\commons-collections4-4.4.jar;C:\Users\kandr\.m2\repository\org\apache\commons\commons-math3\3.6.1\commons-math3-3.6.1.jar;C:\Users\kandr\.m2\repository\commons-io\commons-io\2.11.0\commons-io-2.11.0.jar;C:\Users\kandr\.m2\repository\com\zaxxer\SparseBitSet\1.2\SparseBitSet-1.2.jar;C:\Users\kandr\.m2\repository\org\apache\poi\poi-ooxml\5.2.3\poi-ooxml-5.2.3.jar;C:\Users\kandr\.m2\repository\org\apache\poi\poi-ooxml-lite\5.2.3\poi-ooxml-lite-5.2.3.jar;C:\Users\kandr\.m2\repository\org\apache\xmlbeans\xmlbeans\5.1.1\xmlbeans-5.1.1.jar;C:\Users\kandr\.m2\repository\org\apache\commons\commons-compress\1.21\commons-compress-1.21.jar;C:\Users\kandr\.m2\repository\com\github\virtuald\curvesapi\1.07\curvesapi-1.07.jar;C:\Users\kandr\.m2\repository\org\apache\logging\log4j\log4j-api\2.20.0\log4j-api-2.20.0.jar;C:\Users\kandr\.m2\repository\org\apache\logging\log4j\log4j-core\2.20.0\log4j-core-2.20.0.jar;C:\Users\kandr\.m2\repository\org\apache\logging\log4j\log4j-slf4j-impl\2.20.0\log4j-slf4j-impl-2.20.0.jar;"/>
    <property name="java.vm.vendor" value="Oracle Corporation"/>
    <property name="sun.arch.data.model" value="64"/>
    <property name="user.variant" value=""/>
    <property name="java.vendor.url" value="https://java.oracle.com/"/>
    <property name="user.timezone" value="Asia/Calcutta"/>
    <property name="os.name" value="Windows 11"/>
    <property name="java.vm.specification.version" value="21"/>
    <property name="sun.java.launcher" value="SUN_STANDARD"/>
    <property name="user.country" value="US"/>
    <property name="sun.boot.library.path" value="C:\Program Files\Java\jdk-21\bin"/>
    <property name="sun.java.command" value="C:\Users\kandr\AppData\Local\Temp\surefire8805696422966943244\surefirebooter-20250220230203850_3.jar C:\Users\kandr\AppData\Local\Temp\surefire8805696422966943244 2025-02-20T23-02-03_428-jvmRun1 surefire-20250220230203850_1tmp surefire_0-20250220230203850_2tmp"/>
    <property name="jdk.debug" value="release"/>
    <property name="surefire.test.class.path" value="C:\Users\kandr\eclipse-workspace2\API_Assignment_Dicetek_Intigral_Harikrishna_Kandra\target\test-classes;C:\Users\kandr\eclipse-workspace2\API_Assignment_Dicetek_Intigral_Harikrishna_Kandra\target\classes;C:\Users\kandr\.m2\repository\io\rest-assured\rest-assured\5.3.0\rest-assured-5.3.0.jar;C:\Users\kandr\.m2\repository\org\apache\groovy\groovy\4.0.6\groovy-4.0.6.jar;C:\Users\kandr\.m2\repository\org\apache\groovy\groovy-xml\4.0.6\groovy-xml-4.0.6.jar;C:\Users\kandr\.m2\repository\org\apache\httpcomponents\httpclient\4.5.13\httpclient-4.5.13.jar;C:\Users\kandr\.m2\repository\org\apache\httpcomponents\httpcore\4.4.13\httpcore-4.4.13.jar;C:\Users\kandr\.m2\repository\commons-logging\commons-logging\1.2\commons-logging-1.2.jar;C:\Users\kandr\.m2\repository\org\apache\httpcomponents\httpmime\4.5.13\httpmime-4.5.13.jar;C:\Users\kandr\.m2\repository\org\ccil\cowan\tagsoup\tagsoup\1.2.1\tagsoup-1.2.1.jar;C:\Users\kandr\.m2\repository\io\rest-assured\json-path\5.4.0\json-path-5.4.0.jar;C:\Users\kandr\.m2\repository\org\apache\groovy\groovy-json\4.0.16\groovy-json-4.0.16.jar;C:\Users\kandr\.m2\repository\io\rest-assured\rest-assured-common\5.4.0\rest-assured-common-5.4.0.jar;C:\Users\kandr\.m2\repository\org\json\json\20231013\json-20231013.jar;C:\Users\kandr\.m2\repository\org\testng\testng\7.7.1\testng-7.7.1.jar;C:\Users\kandr\.m2\repository\org\slf4j\slf4j-api\1.7.36\slf4j-api-1.7.36.jar;C:\Users\kandr\.m2\repository\com\beust\jcommander\1.82\jcommander-1.82.jar;C:\Users\kandr\.m2\repository\org\webjars\jquery\3.6.1\jquery-3.6.1.jar;C:\Users\kandr\.m2\repository\com\github\scribejava\scribejava-apis\8.3.1\scribejava-apis-8.3.1.jar;C:\Users\kandr\.m2\repository\com\github\scribejava\scribejava-core\8.3.1\scribejava-core-8.3.1.jar;C:\Users\kandr\.m2\repository\com\github\scribejava\scribejava-java8\8.3.1\scribejava-java8-8.3.1.jar;C:\Users\kandr\.m2\repository\com\fasterxml\jackson\core\jackson-databind\2.12.3\jackson-databind-2.12.3.jar;C:\Users\kandr\.m2\repository\com\fasterxml\jackson\core\jackson-annotations\2.12.3\jackson-annotations-2.12.3.jar;C:\Users\kandr\.m2\repository\com\fasterxml\jackson\core\jackson-core\2.12.3\jackson-core-2.12.3.jar;C:\Users\kandr\.m2\repository\io\rest-assured\json-schema-validator\5.4.0\json-schema-validator-5.4.0.jar;C:\Users\kandr\.m2\repository\com\github\java-json-tools\json-schema-validator\2.2.14\json-schema-validator-2.2.14.jar;C:\Users\kandr\.m2\repository\com\github\java-json-tools\jackson-coreutils-equivalence\1.0\jackson-coreutils-equivalence-1.0.jar;C:\Users\kandr\.m2\repository\com\github\java-json-tools\jackson-coreutils\2.0\jackson-coreutils-2.0.jar;C:\Users\kandr\.m2\repository\com\github\java-json-tools\msg-simple\1.2\msg-simple-1.2.jar;C:\Users\kandr\.m2\repository\com\github\java-json-tools\btf\1.3\btf-1.3.jar;C:\Users\kandr\.m2\repository\com\github\java-json-tools\json-schema-core\1.2.14\json-schema-core-1.2.14.jar;C:\Users\kandr\.m2\repository\com\github\java-json-tools\uri-template\0.10\uri-template-0.10.jar;C:\Users\kandr\.m2\repository\org\mozilla\rhino\1.7.7.2\rhino-1.7.7.2.jar;C:\Users\kandr\.m2\repository\com\sun\mail\mailapi\1.6.2\mailapi-1.6.2.jar;C:\Users\kandr\.m2\repository\joda-time\joda-time\2.10.5\joda-time-2.10.5.jar;C:\Users\kandr\.m2\repository\com\googlecode\libphonenumber\libphonenumber\8.11.1\libphonenumber-8.11.1.jar;C:\Users\kandr\.m2\repository\com\google\code\findbugs\jsr305\3.0.2\jsr305-3.0.2.jar;C:\Users\kandr\.m2\repository\net\sf\jopt-simple\jopt-simple\5.0.4\jopt-simple-5.0.4.jar;C:\Users\kandr\.m2\repository\com\google\guava\guava\32.0.1-jre\guava-32.0.1-jre.jar;C:\Users\kandr\.m2\repository\com\google\guava\failureaccess\1.0.1\failureaccess-1.0.1.jar;C:\Users\kandr\.m2\repository\com\google\guava\listenablefuture\9999.0-empty-to-avoid-conflict-with-guava\listenablefuture-9999.0-empty-to-avoid-conflict-with-guava.jar;C:\Users\kandr\.m2\repository\org\checkerframework\checker-qual\3.33.0\checker-qual-3.33.0.jar;C:\Users\kandr\.m2\repository\com\google\errorprone\error_prone_annotations\2.18.0\error_prone_annotations-2.18.0.jar;C:\Users\kandr\.m2\repository\com\google\j2objc\j2objc-annotations\2.8\j2objc-annotations-2.8.jar;C:\Users\kandr\.m2\repository\io\rest-assured\xml-path\5.4.0\xml-path-5.4.0.jar;C:\Users\kandr\.m2\repository\org\apache\commons\commons-lang3\3.11\commons-lang3-3.11.jar;C:\Users\kandr\.m2\repository\com\google\code\gson\gson\2.10.1\gson-2.10.1.jar;C:\Users\kandr\.m2\repository\org\hamcrest\hamcrest\2.2\hamcrest-2.2.jar;C:\Users\kandr\.m2\repository\com\github\javafaker\javafaker\1.0.2\javafaker-1.0.2.jar;C:\Users\kandr\.m2\repository\org\yaml\snakeyaml\1.23\snakeyaml-1.23-android.jar;C:\Users\kandr\.m2\repository\com\github\mifmif\generex\1.0.2\generex-1.0.2.jar;C:\Users\kandr\.m2\repository\dk\brics\automaton\automaton\1.11-8\automaton-1.11-8.jar;C:\Users\kandr\.m2\repository\com\aventstack\extentreports\5.0.9\extentreports-5.0.9.jar;C:\Users\kandr\.m2\repository\io\reactivex\rxjava3\rxjava\3.0.4\rxjava-3.0.4.jar;C:\Users\kandr\.m2\repository\org\reactivestreams\reactive-streams\1.0.3\reactive-streams-1.0.3.jar;C:\Users\kandr\.m2\repository\org\freemarker\freemarker\2.3.30\freemarker-2.3.30.jar;C:\Users\kandr\.m2\repository\org\projectlombok\lombok\1.18.12\lombok-1.18.12.jar;C:\Users\kandr\.m2\repository\org\apache\poi\poi\5.2.3\poi-5.2.3.jar;C:\Users\kandr\.m2\repository\commons-codec\commons-codec\1.15\commons-codec-1.15.jar;C:\Users\kandr\.m2\repository\org\apache\commons\commons-collections4\4.4\commons-collections4-4.4.jar;C:\Users\kandr\.m2\repository\org\apache\commons\commons-math3\3.6.1\commons-math3-3.6.1.jar;C:\Users\kandr\.m2\repository\commons-io\commons-io\2.11.0\commons-io-2.11.0.jar;C:\Users\kandr\.m2\repository\com\zaxxer\SparseBitSet\1.2\SparseBitSet-1.2.jar;C:\Users\kandr\.m2\repository\org\apache\poi\poi-ooxml\5.2.3\poi-ooxml-5.2.3.jar;C:\Users\kandr\.m2\repository\org\apache\poi\poi-ooxml-lite\5.2.3\poi-ooxml-lite-5.2.3.jar;C:\Users\kandr\.m2\repository\org\apache\xmlbeans\xmlbeans\5.1.1\xmlbeans-5.1.1.jar;C:\Users\kandr\.m2\repository\org\apache\commons\commons-compress\1.21\commons-compress-1.21.jar;C:\Users\kandr\.m2\repository\com\github\virtuald\curvesapi\1.07\curvesapi-1.07.jar;C:\Users\kandr\.m2\repository\org\apache\logging\log4j\log4j-api\2.20.0\log4j-api-2.20.0.jar;C:\Users\kandr\.m2\repository\org\apache\logging\log4j\log4j-core\2.20.0\log4j-core-2.20.0.jar;C:\Users\kandr\.m2\repository\org\apache\logging\log4j\log4j-slf4j-impl\2.20.0\log4j-slf4j-impl-2.20.0.jar;"/>
    <property name="sun.cpu.endian" value="little"/>
    <property name="user.home" value="C:\Users\kandr"/>
    <property name="user.language" value="en"/>
    <property name="java.specification.vendor" value="Oracle Corporation"/>
    <property name="java.version.date" value="2024-10-15"/>
    <property name="java.home" value="C:\Program Files\Java\jdk-21"/>
    <property name="file.separator" value="\"/>
    <property name="basedir" value="C:\Users\kandr\eclipse-workspace2\API_Assignment_Dicetek_Intigral_Harikrishna_Kandra"/>
    <property name="java.vm.compressedOopsMode" value="32-bit"/>
    <property name="line.separator" value="&#10;"/>
    <property name="java.vm.specification.vendor" value="Oracle Corporation"/>
    <property name="java.specification.name" value="Java Platform API Specification"/>
    <property name="surefire.real.class.path" value="C:\Users\kandr\AppData\Local\Temp\surefire8805696422966943244\surefirebooter-20250220230203850_3.jar"/>
    <property name="user.script" value=""/>
    <property name="sun.management.compiler" value="HotSpot 64-Bit Tiered Compilers"/>
    <property name="java.runtime.version" value="21.0.5+9-LTS-239"/>
    <property name="user.name" value="kandr"/>
    <property name="stdout.encoding" value="Cp1252"/>
    <property name="path.separator" value=";"/>
    <property name="os.version" value="10.0"/>
    <property name="java.runtime.name" value="Java(TM) SE Runtime Environment"/>
    <property name="file.encoding" value="UTF-8"/>
    <property name="java.vm.name" value="Java HotSpot(TM) 64-Bit Server VM"/>
    <property name="localRepository" value="C:\Users\kandr\.m2\repository"/>
    <property name="java.vendor.url.bug" value="https://bugreport.java.com/bugreport/"/>
    <property name="java.io.tmpdir" value="C:\Users\kandr\AppData\Local\Temp\"/>
    <property name="java.version" value="21.0.5"/>
    <property name="user.dir" value="C:\Users\kandr\eclipse-workspace2\API_Assignment_Dicetek_Intigral_Harikrishna_Kandra"/>
    <property name="os.arch" value="amd64"/>
    <property name="java.vm.specification.name" value="Java Virtual Machine Specification"/>
    <property name="sun.os.patch.level" value=""/>
    <property name="native.encoding" value="Cp1252"/>
    <property name="java.library.path" value="C:\Program Files\Java\jdk-21\bin;C:\WINDOWS\Sun\Java\bin;C:\WINDOWS\system32;C:\WINDOWS;C:\Program Files\Common Files\Oracle\Java\javapath;C:\WINDOWS\system32;C:\WINDOWS;C:\WINDOWS\System32\Wbem;C:\WINDOWS\System32\WindowsPowerShell\v1.0\;C:\WINDOWS\System32\OpenSSH\;C:\Program Files\dotnet\;D:\Softwares\apache-maven-3.9.8\bin;C:\Program Files\nodejs\;C:\Users\kandr\AppData\Local\Android\Sdk\build-tools;C:\Users\kandr\AppData\Local\Android\Sdk\platform-tools;C:\Users\kandr\AppData\Local\Android\Sdk\platforms;C:\Program Files\nodejs\node_modules\npm\bin;C:\Users\kandr\AppData\Local\Android\Sdk\tools;C:\Program Files\nodejs\node_modules;C:\Program Files\Git\cmd;C:\Program Files\Git\bin;C:\Users\kandr\AppData\Local\Microsoft\WindowsApps;C:\Program Files\Java\jdk-11\bin;C:\Users\kandr\AppData\Roaming\npm;C:\Users\kandr\AppData\Local\Programs\Microsoft VS Code\bin;;."/>
    <property name="java.vm.info" value="mixed mode, sharing"/>
    <property name="stderr.encoding" value="Cp1252"/>
    <property name="java.vendor" value="Oracle Corporation"/>
    <property name="java.vm.version" value="21.0.5+9-LTS-239"/>
    <property name="sun.io.unicode.encoding" value="UnicodeLittle"/>
    <property name="java.class.version" value="65.0"/>
  </properties>
  <testcase name="testCreateBooking" classname="api.test.BookerPositiveTests" time="6.485">
    <system-out><![CDATA[2025-02-20 23:02:05 [main] DEBUG TestNG - suiteXmlPath: "C:\Users\kandr\eclipse-workspace2\API_Assignment_Dicetek_Intigral_Harikrishna_Kandra\testng.xml"
2025-02-20 23:02:06 [main] DEBUG BookerPositiveTests - ********** Test Execution Started **********
2025-02-20 23:02:06 [main] DEBUG BookerPositiveTests - Executing Test: testCreateBooking
2025-02-20 23:02:06 [main] INFO  BookerPositiveTests - *********** Creating Booking Item *************
HTTP/1.1 200 OK
Server: Cowboy
Report-To: {"group":"heroku-nel","max_age":3600,"endpoints":[{"url":"https://nel.heroku.com/reports?ts=1740072731&sid=c46efe9b-d3d2-4a0c-8c76-bfafa16c5add&s=6MQrg4ON%2Ba%2FGMRjg%2BJluzfDLX9YI%2F7ywuc3wAkD29eg%3D"}]}
Reporting-Endpoints: heroku-nel=https://nel.heroku.com/reports?ts=1740072731&sid=c46efe9b-d3d2-4a0c-8c76-bfafa16c5add&s=6MQrg4ON%2Ba%2FGMRjg%2BJluzfDLX9YI%2F7ywuc3wAkD29eg%3D
Nel: {"report_to":"heroku-nel","max_age":3600,"success_fraction":0.005,"failure_fraction":0.05,"response_headers":["Via"]}
Connection: keep-alive
X-Powered-By: Express
Content-Type: application/json; charset=utf-8
Content-Length: 210
Etag: W/"d2-srT07CYcgtB5/EV2AI1zvdfNEVo"
Date: Thu, 20 Feb 2025 17:32:11 GMT
Via: 1.1 vegur

{
    "bookingid": 365,
    "booking": {
        "firstname": "Antonina",
        "lastname": "Daugherty",
        "totalprice": 260,
        "depositpaid": true,
        "bookingdates": {
            "checkin": "2022-01-01",
            "checkout": "2024-01-01"
        },
        "additionalneeds": "Fish and Chips"
    }
}
2025-02-20 23:02:12 [main] DEBUG BookerPositiveTests - Booking created successfully. Booking ID: 365
]]></system-out>
  </testcase>
  <testcase name="validateAddItemStatusCode" classname="api.test.BookerPositiveTests" time="0.004"/>
  <testcase name="validateAddItemResponseTime" classname="api.test.BookerPositiveTests" time="0.039">
    <failure message="Response time is too high! expected [true] but found [false]" type="java.lang.AssertionError"><![CDATA[java.lang.AssertionError: Response time is too high! expected [true] but found [false]
	at org.testng.Assert.fail(Assert.java:110)
	at org.testng.Assert.failNotEquals(Assert.java:1577)
	at org.testng.Assert.assertTrue(Assert.java:56)
	at api.test.BookerPositiveTests.validateAddItemResponseTime(BookerPositiveTests.java:103)
	at java.base/jdk.internal.reflect.DirectMethodHandleAccessor.invoke(DirectMethodHandleAccessor.java:103)
	at java.base/java.lang.reflect.Method.invoke(Method.java:580)
	at org.testng.internal.invokers.MethodInvocationHelper.invokeMethod(MethodInvocationHelper.java:139)
	at org.testng.internal.invokers.TestInvoker.invokeMethod(TestInvoker.java:677)
	at org.testng.internal.invokers.TestInvoker.invokeTestMethod(TestInvoker.java:221)
	at org.testng.internal.invokers.MethodRunner.runInSequence(MethodRunner.java:50)
	at org.testng.internal.invokers.TestInvoker$MethodInvocationAgent.invoke(TestInvoker.java:969)
	at org.testng.internal.invokers.TestInvoker.invokeTestMethods(TestInvoker.java:194)
	at org.testng.internal.invokers.TestMethodWorker.invokeTestMethods(TestMethodWorker.java:148)
	at org.testng.internal.invokers.TestMethodWorker.run(TestMethodWorker.java:128)
	at java.base/java.util.ArrayList.forEach(ArrayList.java:1596)
	at org.testng.TestRunner.privateRun(TestRunner.java:829)
	at org.testng.TestRunner.run(TestRunner.java:602)
	at org.testng.SuiteRunner.runTest(SuiteRunner.java:437)
	at org.testng.SuiteRunner.runSequentially(SuiteRunner.java:431)
	at org.testng.SuiteRunner.privateRun(SuiteRunner.java:391)
	at org.testng.SuiteRunner.run(SuiteRunner.java:330)
	at org.testng.SuiteRunnerWorker.runSuite(SuiteRunnerWorker.java:52)
	at org.testng.SuiteRunnerWorker.run(SuiteRunnerWorker.java:95)
	at org.testng.TestNG.runSuitesSequentially(TestNG.java:1256)
	at org.testng.TestNG.runSuitesLocally(TestNG.java:1176)
	at org.testng.TestNG.runSuites(TestNG.java:1099)
	at org.testng.TestNG.run(TestNG.java:1067)
	at org.apache.maven.surefire.testng.TestNGExecutor.run(TestNGExecutor.java:324)
	at org.apache.maven.surefire.testng.TestNGXmlTestSuite.execute(TestNGXmlTestSuite.java:74)
	at org.apache.maven.surefire.testng.TestNGProvider.invoke(TestNGProvider.java:123)
	at org.apache.maven.surefire.booter.ForkedBooter.runSuitesInProcess(ForkedBooter.java:456)
	at org.apache.maven.surefire.booter.ForkedBooter.execute(ForkedBooter.java:169)
	at org.apache.maven.surefire.booter.ForkedBooter.run(ForkedBooter.java:595)
	at org.apache.maven.surefire.booter.ForkedBooter.main(ForkedBooter.java:581)
]]></failure>
  </testcase>
  <testcase name="validateContentTypeHeader" classname="api.test.BookerPositiveTests" time="0.001"/>
  <testcase name="validateResponseBodyFields" classname="api.test.BookerPositiveTests" time="0.248"/>
  <testcase name="validateBookingDatesFormat" classname="api.test.BookerPositiveTests" time="0.068"/>
  <testcase name="testGetBooking" classname="api.test.BookerPositiveTests" time="1.795">
    <system-out><![CDATA[2025-02-20 23:02:13 [main] DEBUG BookerPositiveTests - ==== Starting test: Get Booking Details ====
HTTP/1.1 200 OK
Server: Cowboy
Report-To: {"group":"heroku-nel","max_age":3600,"endpoints":[{"url":"https://nel.heroku.com/reports?ts=1740072735&sid=c46efe9b-d3d2-4a0c-8c76-bfafa16c5add&s=34J6zqNgyu0OxQIuV5FO%2F7DhOGglmt1PGChpqlJOYyA%3D"}]}
Reporting-Endpoints: heroku-nel=https://nel.heroku.com/reports?ts=1740072735&sid=c46efe9b-d3d2-4a0c-8c76-bfafa16c5add&s=34J6zqNgyu0OxQIuV5FO%2F7DhOGglmt1PGChpqlJOYyA%3D
Nel: {"report_to":"heroku-nel","max_age":3600,"success_fraction":0.005,"failure_fraction":0.05,"response_headers":["Via"]}
Connection: keep-alive
X-Powered-By: Express
Content-Type: application/json; charset=utf-8
Content-Length: 182
Etag: W/"b6-0yCYFjBaE42igSmnixzJRYsziNU"
Date: Thu, 20 Feb 2025 17:32:15 GMT
Via: 1.1 vegur

{
    "firstname": "Antonina",
    "lastname": "Daugherty",
    "totalprice": 260,
    "depositpaid": true,
    "bookingdates": {
        "checkin": "2022-01-01",
        "checkout": "2024-01-01"
    },
    "additionalneeds": "Fish and Chips"
}
2025-02-20 23:02:15 [main] DEBUG BookerPositiveTests - Booking details retrieved successfully for Booking ID: 365
]]></system-out>
  </testcase>
  <testcase name="validateReadItemStatusCode" classname="api.test.BookerPositiveTests" time="0.002"/>
  <testcase name="validateReadItemResponseTime" classname="api.test.BookerPositiveTests" time="0.001"/>
  <testcase name="validatereadContentType" classname="api.test.BookerPositiveTests" time="0.001"/>
  <testcase name="validatereadItesmBookingFields" classname="api.test.BookerPositiveTests" time="0.09"/>
  <testcase name="validatereadItemDateFormat" classname="api.test.BookerPositiveTests" time="0.036"/>
  <testcase name="validatetestMissingFirstname" classname="api.test.BookerNegativeTests" time="1.442">
    <system-out><![CDATA[HTTP/1.1 500 Internal Server Error
Server: Cowboy
Report-To: {"group":"heroku-nel","max_age":3600,"endpoints":[{"url":"https://nel.heroku.com/reports?ts=1740072737&sid=c46efe9b-d3d2-4a0c-8c76-bfafa16c5add&s=vnhF8oOSizjhsZhrQZXdP8btoLlHjxLejiQgjMz%2BdWM%3D"}]}
Reporting-Endpoints: heroku-nel=https://nel.heroku.com/reports?ts=1740072737&sid=c46efe9b-d3d2-4a0c-8c76-bfafa16c5add&s=vnhF8oOSizjhsZhrQZXdP8btoLlHjxLejiQgjMz%2BdWM%3D
Nel: {"report_to":"heroku-nel","max_age":3600,"success_fraction":0.005,"failure_fraction":0.05,"response_headers":["Via"]}
Connection: keep-alive
X-Powered-By: Express
Content-Type: text/plain; charset=utf-8
Content-Length: 21
Etag: W/"15-/6VXivhc2MKdLfIkLcUE47K6aH0"
Date: Thu, 20 Feb 2025 17:32:17 GMT
Via: 1.1 vegur

Internal Server Error
]]></system-out>
  </testcase>
  <testcase name="validatetestInvalidPriceDataType" classname="api.test.BookerNegativeTests" time="1.432">
    <system-out><![CDATA[HTTP/1.1 200 OK
Server: Cowboy
Report-To: {"group":"heroku-nel","max_age":3600,"endpoints":[{"url":"https://nel.heroku.com/reports?ts=1740072738&sid=c46efe9b-d3d2-4a0c-8c76-bfafa16c5add&s=rhIdpUIJjdh3d94fThD9nCiotZInVMRa9tgMcVNjJh4%3D"}]}
Reporting-Endpoints: heroku-nel=https://nel.heroku.com/reports?ts=1740072738&sid=c46efe9b-d3d2-4a0c-8c76-bfafa16c5add&s=rhIdpUIJjdh3d94fThD9nCiotZInVMRa9tgMcVNjJh4%3D
Nel: {"report_to":"heroku-nel","max_age":3600,"success_fraction":0.005,"failure_fraction":0.05,"response_headers":["Via"]}
Connection: keep-alive
X-Powered-By: Express
Content-Type: application/json; charset=utf-8
Content-Length: 192
Etag: W/"c0-sOqP3EbOxbyHSCiUjwKJ2gJUbPs"
Date: Thu, 20 Feb 2025 17:32:18 GMT
Via: 1.1 vegur

{
    "bookingid": 425,
    "booking": {
        "firstname": "John",
        "lastname": "Doe",
        "totalprice": null,
        "depositpaid": true,
        "bookingdates": {
            "checkin": "2023-01-01",
            "checkout": "2023-01-10"
        },
        "additionalneeds": "Lunch"
    }
}
]]></system-out>
  </testcase>
  <testcase name="validatetestInvalidDateFormat" classname="api.test.BookerNegativeTests" time="1.426">
    <system-out><![CDATA[HTTP/1.1 200 OK
Server: Cowboy
Report-To: {"group":"heroku-nel","max_age":3600,"endpoints":[{"url":"https://nel.heroku.com/reports?ts=1740072740&sid=c46efe9b-d3d2-4a0c-8c76-bfafa16c5add&s=JH7bBiYZGkCHPqUeN558e8oL4yykVN%2FvJdMNvwTBTag%3D"}]}
Reporting-Endpoints: heroku-nel=https://nel.heroku.com/reports?ts=1740072740&sid=c46efe9b-d3d2-4a0c-8c76-bfafa16c5add&s=JH7bBiYZGkCHPqUeN558e8oL4yykVN%2FvJdMNvwTBTag%3D
Nel: {"report_to":"heroku-nel","max_age":3600,"success_fraction":0.005,"failure_fraction":0.05,"response_headers":["Via"]}
Connection: keep-alive
X-Powered-By: Express
Content-Type: application/json; charset=utf-8
Content-Length: 192
Etag: W/"c0-q2JylYoWqy44ADijgSJP3OYn8QA"
Date: Thu, 20 Feb 2025 17:32:20 GMT
Via: 1.1 vegur

{
    "bookingid": 443,
    "booking": {
        "firstname": "John",
        "lastname": "Doe",
        "totalprice": 150,
        "depositpaid": true,
        "bookingdates": {
            "checkin": "2023-01-01",
            "checkout": "2023-01-10"
        },
        "additionalneeds": "Dinner"
    }
}
]]></system-out>
  </testcase>
  <testcase name="validatetestMissingBookingDates" classname="api.test.BookerNegativeTests" time="1.43">
    <system-out><![CDATA[HTTP/1.1 500 Internal Server Error
Server: Cowboy
Report-To: {"group":"heroku-nel","max_age":3600,"endpoints":[{"url":"https://nel.heroku.com/reports?ts=1740072741&sid=c46efe9b-d3d2-4a0c-8c76-bfafa16c5add&s=2V%2Bre6MJwSndIQKL8BZJx%2Boh7l2s1bT%2Be3zcFefKyIw%3D"}]}
Reporting-Endpoints: heroku-nel=https://nel.heroku.com/reports?ts=1740072741&sid=c46efe9b-d3d2-4a0c-8c76-bfafa16c5add&s=2V%2Bre6MJwSndIQKL8BZJx%2Boh7l2s1bT%2Be3zcFefKyIw%3D
Nel: {"report_to":"heroku-nel","max_age":3600,"success_fraction":0.005,"failure_fraction":0.05,"response_headers":["Via"]}
Connection: keep-alive
X-Powered-By: Express
Content-Type: text/plain; charset=utf-8
Content-Length: 21
Etag: W/"15-/6VXivhc2MKdLfIkLcUE47K6aH0"
Date: Thu, 20 Feb 2025 17:32:21 GMT
Via: 1.1 vegur

Internal Server Error
]]></system-out>
  </testcase>
  <testcase name="validatetestGetBookingWithInvalidId" classname="api.test.BookerNegativeTests" time="1.541">
    <system-out><![CDATA[HTTP/1.1 404 Not Found
Server: Cowboy
Report-To: {"group":"heroku-nel","max_age":3600,"endpoints":[{"url":"https://nel.heroku.com/reports?ts=1740072743&sid=c46efe9b-d3d2-4a0c-8c76-bfafa16c5add&s=QpyEb42tBlHkI3uBk4NWG1X2AYSM9ro%2BYFSDw9EWacE%3D"}]}
Reporting-Endpoints: heroku-nel=https://nel.heroku.com/reports?ts=1740072743&sid=c46efe9b-d3d2-4a0c-8c76-bfafa16c5add&s=QpyEb42tBlHkI3uBk4NWG1X2AYSM9ro%2BYFSDw9EWacE%3D
Nel: {"report_to":"heroku-nel","max_age":3600,"success_fraction":0.005,"failure_fraction":0.05,"response_headers":["Via"]}
Connection: keep-alive
X-Powered-By: Express
Content-Type: text/plain; charset=utf-8
Content-Length: 9
Etag: W/"9-0gXL1ngzMqISxa6S1zx3F4wtLyg"
Date: Thu, 20 Feb 2025 17:32:23 GMT
Via: 1.1 vegur

Not Found
HTTP/1.1 404 Not Found
Server: Cowboy
Report-To: {"group":"heroku-nel","max_age":3600,"endpoints":[{"url":"https://nel.heroku.com/reports?ts=1740072743&sid=c46efe9b-d3d2-4a0c-8c76-bfafa16c5add&s=QpyEb42tBlHkI3uBk4NWG1X2AYSM9ro%2BYFSDw9EWacE%3D"}]}
Reporting-Endpoints: heroku-nel=https://nel.heroku.com/reports?ts=1740072743&sid=c46efe9b-d3d2-4a0c-8c76-bfafa16c5add&s=QpyEb42tBlHkI3uBk4NWG1X2AYSM9ro%2BYFSDw9EWacE%3D
Nel: {"report_to":"heroku-nel","max_age":3600,"success_fraction":0.005,"failure_fraction":0.05,"response_headers":["Via"]}
Connection: keep-alive
X-Powered-By: Express
Content-Type: text/plain; charset=utf-8
Content-Length: 9
Etag: W/"9-0gXL1ngzMqISxa6S1zx3F4wtLyg"
Date: Thu, 20 Feb 2025 17:32:23 GMT
Via: 1.1 vegur

Not Found
]]></system-out>
  </testcase>
  <testcase name="validatetestRequestWithoutContentType" classname="api.test.BookerNegativeTests" time="1.449">
    <system-out><![CDATA[HTTP/1.1 200 OK
Server: Cowboy
Report-To: {"group":"heroku-nel","max_age":3600,"endpoints":[{"url":"https://nel.heroku.com/reports?ts=1740072744&sid=c46efe9b-d3d2-4a0c-8c76-bfafa16c5add&s=rkLejouZ9C2q6IkSLXjjtVIxQ27dCMUa%2BYXMtmPbQSI%3D"}]}
Reporting-Endpoints: heroku-nel=https://nel.heroku.com/reports?ts=1740072744&sid=c46efe9b-d3d2-4a0c-8c76-bfafa16c5add&s=rkLejouZ9C2q6IkSLXjjtVIxQ27dCMUa%2BYXMtmPbQSI%3D
Nel: {"report_to":"heroku-nel","max_age":3600,"success_fraction":0.005,"failure_fraction":0.05,"response_headers":["Via"]}
Connection: keep-alive
X-Powered-By: Express
Content-Type: application/json; charset=utf-8
Content-Length: 189
Etag: W/"bd-QUIwKHp/mCgpK6QMlmgHg8qrRUY"
Date: Thu, 20 Feb 2025 17:32:24 GMT
Via: 1.1 vegur

{
    "bookingid": 481,
    "booking": {
        "firstname": "John",
        "lastname": "Doe",
        "totalprice": 300,
        "depositpaid": true,
        "bookingdates": {
            "checkin": "2023-01-01",
            "checkout": "2023-01-10"
        },
        "additionalneeds": "Gym"
    }
}
]]></system-out>
  </testcase>
  <testcase name="validatetestNegativeScenarios[missingFirstname, , Doe, 100, true, 2023-01-01, 2023-01-10](1)" classname="api.test.BookerNegativeTests1" time="1.481">
    <system-out><![CDATA[2025-02-20 23:02:23 [main] DEBUG BookerNegativeTests1 - Starting API Negative Tests...
2025-02-20 23:02:23 [main] DEBUG BookerNegativeTests1 - Executing test case: missingFirstname
HTTP/1.1 200 OK
Server: Cowboy
Report-To: {"group":"heroku-nel","max_age":3600,"endpoints":[{"url":"https://nel.heroku.com/reports?ts=1740072746&sid=c46efe9b-d3d2-4a0c-8c76-bfafa16c5add&s=XUVfOMiY4t2Yp5UXP4cIwY42pNKcX7i4GZSgiPmqLK0%3D"}]}
Reporting-Endpoints: heroku-nel=https://nel.heroku.com/reports?ts=1740072746&sid=c46efe9b-d3d2-4a0c-8c76-bfafa16c5add&s=XUVfOMiY4t2Yp5UXP4cIwY42pNKcX7i4GZSgiPmqLK0%3D
Nel: {"report_to":"heroku-nel","max_age":3600,"success_fraction":0.005,"failure_fraction":0.05,"response_headers":["Via"]}
Connection: keep-alive
X-Powered-By: Express
Content-Type: application/json; charset=utf-8
Content-Length: 186
Etag: W/"ba-Z50W9BuchTdue0TzWW+Q7+Dpe6s"
Date: Thu, 20 Feb 2025 17:32:26 GMT
Via: 1.1 vegur

{
    "bookingid": 496,
    "booking": {
        "firstname": "",
        "lastname": "Doe",
        "totalprice": 100,
        "depositpaid": true,
        "bookingdates": {
            "checkin": "2023-01-01",
            "checkout": "2023-01-10"
        },
        "additionalneeds": "None"
    }
}
]]></system-out>
  </testcase>
  <testcase name="validatetestNegativeScenarios[invalidPrice, John, Doe, invalid, true, 2023-01-01, 2023-01-10](2)" classname="api.test.BookerNegativeTests1" time="1.381">
    <system-out><![CDATA[2025-02-20 23:02:25 [main] DEBUG BookerNegativeTests1 - Executing test case: invalidPrice
HTTP/1.1 200 OK
Server: Cowboy
Report-To: {"group":"heroku-nel","max_age":3600,"endpoints":[{"url":"https://nel.heroku.com/reports?ts=1740072747&sid=c46efe9b-d3d2-4a0c-8c76-bfafa16c5add&s=sOn7mxyKf27dYUZ46D9Bf47Bf5vRXNgaRYWy6LjfGsk%3D"}]}
Reporting-Endpoints: heroku-nel=https://nel.heroku.com/reports?ts=1740072747&sid=c46efe9b-d3d2-4a0c-8c76-bfafa16c5add&s=sOn7mxyKf27dYUZ46D9Bf47Bf5vRXNgaRYWy6LjfGsk%3D
Nel: {"report_to":"heroku-nel","max_age":3600,"success_fraction":0.005,"failure_fraction":0.05,"response_headers":["Via"]}
Connection: keep-alive
X-Powered-By: Express
Content-Type: application/json; charset=utf-8
Content-Length: 191
Etag: W/"bf-+P0YFDt35rHCXPpDc8sI4eYdzp8"
Date: Thu, 20 Feb 2025 17:32:27 GMT
Via: 1.1 vegur

{
    "bookingid": 504,
    "booking": {
        "firstname": "John",
        "lastname": "Doe",
        "totalprice": null,
        "depositpaid": true,
        "bookingdates": {
            "checkin": "2023-01-01",
            "checkout": "2023-01-10"
        },
        "additionalneeds": "None"
    }
}
]]></system-out>
  </testcase>
  <testcase name="validatetestNegativeScenarios[invalidCheckinFormat, John, Doe, 100, true, 01-01-2023, 2023-01-10](3)" classname="api.test.BookerNegativeTests1" time="1.623">
    <system-out><![CDATA[2025-02-20 23:02:26 [main] DEBUG BookerNegativeTests1 - Executing test case: invalidCheckinFormat
HTTP/1.1 200 OK
Server: Cowboy
Report-To: {"group":"heroku-nel","max_age":3600,"endpoints":[{"url":"https://nel.heroku.com/reports?ts=1740072749&sid=c46efe9b-d3d2-4a0c-8c76-bfafa16c5add&s=Pf6UJ%2Baqg%2BSPjAHdvW7tQ9dPJb5P7Kt%2BQC9Vkd05WDU%3D"}]}
Reporting-Endpoints: heroku-nel=https://nel.heroku.com/reports?ts=1740072749&sid=c46efe9b-d3d2-4a0c-8c76-bfafa16c5add&s=Pf6UJ%2Baqg%2BSPjAHdvW7tQ9dPJb5P7Kt%2BQC9Vkd05WDU%3D
Nel: {"report_to":"heroku-nel","max_age":3600,"success_fraction":0.005,"failure_fraction":0.05,"response_headers":["Via"]}
Connection: keep-alive
X-Powered-By: Express
Content-Type: application/json; charset=utf-8
Content-Length: 190
Etag: W/"be-ABIfnUKi1NzZojfsjisOrDwPgfI"
Date: Thu, 20 Feb 2025 17:32:29 GMT
Via: 1.1 vegur

{
    "bookingid": 519,
    "booking": {
        "firstname": "John",
        "lastname": "Doe",
        "totalprice": 100,
        "depositpaid": true,
        "bookingdates": {
            "checkin": "2023-01-01",
            "checkout": "2023-01-10"
        },
        "additionalneeds": "None"
    }
}
]]></system-out>
  </testcase>
</testsuite>