<?xml version="1.0" encoding="UTF-8"?>
<testsuite xmlns:xsi="http://www.w3.org/2001/XMLSchema-instance" xsi:noNamespaceSchemaLocation="https://maven.apache.org/surefire/maven-surefire-plugin/xsd/surefire-test-report-3.0.xsd" version="3.0" name="TestSuite" time="21.455" tests="21" errors="0" skipped="0" failures="0">
  <properties>
    <property name="java.specification.version" value="17"/>
    <property name="sun.cpu.isalist" value="amd64"/>
    <property name="sun.jnu.encoding" value="Cp1252"/>
    <property name="java.class.path" value="C:\Users\kandr\eclipse-workspace2\API_Assignment_Dicetek_Intigral_Harikrishna_Kandra\target\test-classes;C:\Users\kandr\eclipse-workspace2\API_Assignment_Dicetek_Intigral_Harikrishna_Kandra\target\classes;C:\Users\kandr\.m2\repository\io\rest-assured\rest-assured\5.3.0\rest-assured-5.3.0.jar;C:\Users\kandr\.m2\repository\org\apache\groovy\groovy\4.0.6\groovy-4.0.6.jar;C:\Users\kandr\.m2\repository\org\apache\groovy\groovy-xml\4.0.6\groovy-xml-4.0.6.jar;C:\Users\kandr\.m2\repository\org\apache\httpcomponents\httpclient\4.5.13\httpclient-4.5.13.jar;C:\Users\kandr\.m2\repository\org\apache\httpcomponents\httpcore\4.4.13\httpcore-4.4.13.jar;C:\Users\kandr\.m2\repository\commons-logging\commons-logging\1.2\commons-logging-1.2.jar;C:\Users\kandr\.m2\repository\org\apache\httpcomponents\httpmime\4.5.13\httpmime-4.5.13.jar;C:\Users\kandr\.m2\repository\org\ccil\cowan\tagsoup\tagsoup\1.2.1\tagsoup-1.2.1.jar;C:\Users\kandr\.m2\repository\io\rest-assured\json-path\5.4.0\json-path-5.4.0.jar;C:\Users\kandr\.m2\repository\org\apache\groovy\groovy-json\4.0.16\groovy-json-4.0.16.jar;C:\Users\kandr\.m2\repository\io\rest-assured\rest-assured-common\5.4.0\rest-assured-common-5.4.0.jar;C:\Users\kandr\.m2\repository\org\json\json\20231013\json-20231013.jar;C:\Users\kandr\.m2\repository\org\testng\testng\7.7.1\testng-7.7.1.jar;C:\Users\kandr\.m2\repository\org\slf4j\slf4j-api\1.7.36\slf4j-api-1.7.36.jar;C:\Users\kandr\.m2\repository\com\beust\jcommander\1.82\jcommander-1.82.jar;C:\Users\kandr\.m2\repository\org\webjars\jquery\3.6.1\jquery-3.6.1.jar;C:\Users\kandr\.m2\repository\com\github\scribejava\scribejava-apis\8.3.1\scribejava-apis-8.3.1.jar;C:\Users\kandr\.m2\repository\com\github\scribejava\scribejava-core\8.3.1\scribejava-core-8.3.1.jar;C:\Users\kandr\.m2\repository\com\github\scribejava\scribejava-java8\8.3.1\scribejava-java8-8.3.1.jar;C:\Users\kandr\.m2\repository\com\fasterxml\jackson\core\jackson-databind\2.12.3\jackson-databind-2.12.3.jar;C:\Users\kandr\.m2\repository\com\fasterxml\jackson\core\jackson-annotations\2.12.3\jackson-annotations-2.12.3.jar;C:\Users\kandr\.m2\repository\com\fasterxml\jackson\core\jackson-core\2.12.3\jackson-core-2.12.3.jar;C:\Users\kandr\.m2\repository\io\rest-assured\json-schema-validator\5.4.0\json-schema-validator-5.4.0.jar;C:\Users\kandr\.m2\repository\com\github\java-json-tools\json-schema-validator\2.2.14\json-schema-validator-2.2.14.jar;C:\Users\kandr\.m2\repository\com\github\java-json-tools\jackson-coreutils-equivalence\1.0\jackson-coreutils-equivalence-1.0.jar;C:\Users\kandr\.m2\repository\com\github\java-json-tools\jackson-coreutils\2.0\jackson-coreutils-2.0.jar;C:\Users\kandr\.m2\repository\com\github\java-json-tools\msg-simple\1.2\msg-simple-1.2.jar;C:\Users\kandr\.m2\repository\com\github\java-json-tools\btf\1.3\btf-1.3.jar;C:\Users\kandr\.m2\repository\com\github\java-json-tools\json-schema-core\1.2.14\json-schema-core-1.2.14.jar;C:\Users\kandr\.m2\repository\com\github\java-json-tools\uri-template\0.10\uri-template-0.10.jar;C:\Users\kandr\.m2\repository\org\mozilla\rhino\1.7.7.2\rhino-1.7.7.2.jar;C:\Users\kandr\.m2\repository\com\sun\mail\mailapi\1.6.2\mailapi-1.6.2.jar;C:\Users\kandr\.m2\repository\joda-time\joda-time\2.10.5\joda-time-2.10.5.jar;C:\Users\kandr\.m2\repository\com\googlecode\libphonenumber\libphonenumber\8.11.1\libphonenumber-8.11.1.jar;C:\Users\kandr\.m2\repository\com\google\code\findbugs\jsr305\3.0.2\jsr305-3.0.2.jar;C:\Users\kandr\.m2\repository\net\sf\jopt-simple\jopt-simple\5.0.4\jopt-simple-5.0.4.jar;C:\Users\kandr\.m2\repository\com\google\guava\guava\32.0.1-jre\guava-32.0.1-jre.jar;C:\Users\kandr\.m2\repository\com\google\guava\failureaccess\1.0.1\failureaccess-1.0.1.jar;C:\Users\kandr\.m2\repository\com\google\guava\listenablefuture\9999.0-empty-to-avoid-conflict-with-guava\listenablefuture-9999.0-empty-to-avoid-conflict-with-guava.jar;C:\Users\kandr\.m2\repository\org\checkerframework\checker-qual\3.33.0\checker-qual-3.33.0.jar;C:\Users\kandr\.m2\repository\com\google\errorprone\error_prone_annotations\2.18.0\error_prone_annotations-2.18.0.jar;C:\Users\kandr\.m2\repository\com\google\j2objc\j2objc-annotations\2.8\j2objc-annotations-2.8.jar;C:\Users\kandr\.m2\repository\io\rest-assured\xml-path\5.4.0\xml-path-5.4.0.jar;C:\Users\kandr\.m2\repository\org\apache\commons\commons-lang3\3.11\commons-lang3-3.11.jar;C:\Users\kandr\.m2\repository\com\google\code\gson\gson\2.10.1\gson-2.10.1.jar;C:\Users\kandr\.m2\repository\org\hamcrest\hamcrest\2.2\hamcrest-2.2.jar;C:\Users\kandr\.m2\repository\com\github\javafaker\javafaker\1.0.2\javafaker-1.0.2.jar;C:\Users\kandr\.m2\repository\org\yaml\snakeyaml\1.23\snakeyaml-1.23-android.jar;C:\Users\kandr\.m2\repository\com\github\mifmif\generex\1.0.2\generex-1.0.2.jar;C:\Users\kandr\.m2\repository\dk\brics\automaton\automaton\1.11-8\automaton-1.11-8.jar;C:\Users\kandr\.m2\repository\com\aventstack\extentreports\5.0.9\extentreports-5.0.9.jar;C:\Users\kandr\.m2\repository\io\reactivex\rxjava3\rxjava\3.0.4\rxjava-3.0.4.jar;C:\Users\kandr\.m2\repository\org\reactivestreams\reactive-streams\1.0.3\reactive-streams-1.0.3.jar;C:\Users\kandr\.m2\repository\org\freemarker\freemarker\2.3.30\freemarker-2.3.30.jar;C:\Users\kandr\.m2\repository\org\projectlombok\lombok\1.18.12\lombok-1.18.12.jar;C:\Users\kandr\.m2\repository\org\apache\poi\poi\5.2.3\poi-5.2.3.jar;C:\Users\kandr\.m2\repository\commons-codec\commons-codec\1.15\commons-codec-1.15.jar;C:\Users\kandr\.m2\repository\org\apache\commons\commons-collections4\4.4\commons-collections4-4.4.jar;C:\Users\kandr\.m2\repository\org\apache\commons\commons-math3\3.6.1\commons-math3-3.6.1.jar;C:\Users\kandr\.m2\repository\commons-io\commons-io\2.11.0\commons-io-2.11.0.jar;C:\Users\kandr\.m2\repository\com\zaxxer\SparseBitSet\1.2\SparseBitSet-1.2.jar;C:\Users\kandr\.m2\repository\org\apache\poi\poi-ooxml\5.2.3\poi-ooxml-5.2.3.jar;C:\Users\kandr\.m2\repository\org\apache\poi\poi-ooxml-lite\5.2.3\poi-ooxml-lite-5.2.3.jar;C:\Users\kandr\.m2\repository\org\apache\xmlbeans\xmlbeans\5.1.1\xmlbeans-5.1.1.jar;C:\Users\kandr\.m2\repository\org\apache\commons\commons-compress\1.21\commons-compress-1.21.jar;C:\Users\kandr\.m2\repository\com\github\virtuald\curvesapi\1.07\curvesapi-1.07.jar;C:\Users\kandr\.m2\repository\org\apache\logging\log4j\log4j-api\2.20.0\log4j-api-2.20.0.jar;C:\Users\kandr\.m2\repository\org\apache\logging\log4j\log4j-core\2.20.0\log4j-core-2.20.0.jar;C:\Users\kandr\.m2\repository\org\apache\logging\log4j\log4j-slf4j-impl\2.20.0\log4j-slf4j-impl-2.20.0.jar;"/>
    <property name="java.vm.vendor" value="Eclipse Adoptium"/>
    <property name="sun.arch.data.model" value="64"/>
    <property name="user.variant" value=""/>
    <property name="java.vendor.url" value="https://adoptium.net/"/>
    <property name="user.timezone" value="Asia/Calcutta"/>
    <property name="os.name" value="Windows 11"/>
    <property name="java.vm.specification.version" value="17"/>
    <property name="sun.java.launcher" value="SUN_STANDARD"/>
    <property name="user.country" value="US"/>
    <property name="sun.boot.library.path" value="D:\Softwares April Batch\eclipse\plugins\org.eclipse.justj.openjdk.hotspot.jre.full.win32.x86_64_17.0.2.v20220201-1208\jre\bin"/>
    <property name="sun.java.command" value="C:\Users\kandr\AppData\Local\Temp\surefire15723368518466287170\surefirebooter-20250220235842337_3.jar C:\Users\kandr\AppData\Local\Temp\surefire15723368518466287170 2025-02-20T23-58-41_685-jvmRun1 surefire-20250220235842337_1tmp surefire_0-20250220235842337_2tmp"/>
    <property name="jdk.debug" value="release"/>
    <property name="surefire.test.class.path" value="C:\Users\kandr\eclipse-workspace2\API_Assignment_Dicetek_Intigral_Harikrishna_Kandra\target\test-classes;C:\Users\kandr\eclipse-workspace2\API_Assignment_Dicetek_Intigral_Harikrishna_Kandra\target\classes;C:\Users\kandr\.m2\repository\io\rest-assured\rest-assured\5.3.0\rest-assured-5.3.0.jar;C:\Users\kandr\.m2\repository\org\apache\groovy\groovy\4.0.6\groovy-4.0.6.jar;C:\Users\kandr\.m2\repository\org\apache\groovy\groovy-xml\4.0.6\groovy-xml-4.0.6.jar;C:\Users\kandr\.m2\repository\org\apache\httpcomponents\httpclient\4.5.13\httpclient-4.5.13.jar;C:\Users\kandr\.m2\repository\org\apache\httpcomponents\httpcore\4.4.13\httpcore-4.4.13.jar;C:\Users\kandr\.m2\repository\commons-logging\commons-logging\1.2\commons-logging-1.2.jar;C:\Users\kandr\.m2\repository\org\apache\httpcomponents\httpmime\4.5.13\httpmime-4.5.13.jar;C:\Users\kandr\.m2\repository\org\ccil\cowan\tagsoup\tagsoup\1.2.1\tagsoup-1.2.1.jar;C:\Users\kandr\.m2\repository\io\rest-assured\json-path\5.4.0\json-path-5.4.0.jar;C:\Users\kandr\.m2\repository\org\apache\groovy\groovy-json\4.0.16\groovy-json-4.0.16.jar;C:\Users\kandr\.m2\repository\io\rest-assured\rest-assured-common\5.4.0\rest-assured-common-5.4.0.jar;C:\Users\kandr\.m2\repository\org\json\json\20231013\json-20231013.jar;C:\Users\kandr\.m2\repository\org\testng\testng\7.7.1\testng-7.7.1.jar;C:\Users\kandr\.m2\repository\org\slf4j\slf4j-api\1.7.36\slf4j-api-1.7.36.jar;C:\Users\kandr\.m2\repository\com\beust\jcommander\1.82\jcommander-1.82.jar;C:\Users\kandr\.m2\repository\org\webjars\jquery\3.6.1\jquery-3.6.1.jar;C:\Users\kandr\.m2\repository\com\github\scribejava\scribejava-apis\8.3.1\scribejava-apis-8.3.1.jar;C:\Users\kandr\.m2\repository\com\github\scribejava\scribejava-core\8.3.1\scribejava-core-8.3.1.jar;C:\Users\kandr\.m2\repository\com\github\scribejava\scribejava-java8\8.3.1\scribejava-java8-8.3.1.jar;C:\Users\kandr\.m2\repository\com\fasterxml\jackson\core\jackson-databind\2.12.3\jackson-databind-2.12.3.jar;C:\Users\kandr\.m2\repository\com\fasterxml\jackson\core\jackson-annotations\2.12.3\jackson-annotations-2.12.3.jar;C:\Users\kandr\.m2\repository\com\fasterxml\jackson\core\jackson-core\2.12.3\jackson-core-2.12.3.jar;C:\Users\kandr\.m2\repository\io\rest-assured\json-schema-validator\5.4.0\json-schema-validator-5.4.0.jar;C:\Users\kandr\.m2\repository\com\github\java-json-tools\json-schema-validator\2.2.14\json-schema-validator-2.2.14.jar;C:\Users\kandr\.m2\repository\com\github\java-json-tools\jackson-coreutils-equivalence\1.0\jackson-coreutils-equivalence-1.0.jar;C:\Users\kandr\.m2\repository\com\github\java-json-tools\jackson-coreutils\2.0\jackson-coreutils-2.0.jar;C:\Users\kandr\.m2\repository\com\github\java-json-tools\msg-simple\1.2\msg-simple-1.2.jar;C:\Users\kandr\.m2\repository\com\github\java-json-tools\btf\1.3\btf-1.3.jar;C:\Users\kandr\.m2\repository\com\github\java-json-tools\json-schema-core\1.2.14\json-schema-core-1.2.14.jar;C:\Users\kandr\.m2\repository\com\github\java-json-tools\uri-template\0.10\uri-template-0.10.jar;C:\Users\kandr\.m2\repository\org\mozilla\rhino\1.7.7.2\rhino-1.7.7.2.jar;C:\Users\kandr\.m2\repository\com\sun\mail\mailapi\1.6.2\mailapi-1.6.2.jar;C:\Users\kandr\.m2\repository\joda-time\joda-time\2.10.5\joda-time-2.10.5.jar;C:\Users\kandr\.m2\repository\com\googlecode\libphonenumber\libphonenumber\8.11.1\libphonenumber-8.11.1.jar;C:\Users\kandr\.m2\repository\com\google\code\findbugs\jsr305\3.0.2\jsr305-3.0.2.jar;C:\Users\kandr\.m2\repository\net\sf\jopt-simple\jopt-simple\5.0.4\jopt-simple-5.0.4.jar;C:\Users\kandr\.m2\repository\com\google\guava\guava\32.0.1-jre\guava-32.0.1-jre.jar;C:\Users\kandr\.m2\repository\com\google\guava\failureaccess\1.0.1\failureaccess-1.0.1.jar;C:\Users\kandr\.m2\repository\com\google\guava\listenablefuture\9999.0-empty-to-avoid-conflict-with-guava\listenablefuture-9999.0-empty-to-avoid-conflict-with-guava.jar;C:\Users\kandr\.m2\repository\org\checkerframework\checker-qual\3.33.0\checker-qual-3.33.0.jar;C:\Users\kandr\.m2\repository\com\google\errorprone\error_prone_annotations\2.18.0\error_prone_annotations-2.18.0.jar;C:\Users\kandr\.m2\repository\com\google\j2objc\j2objc-annotations\2.8\j2objc-annotations-2.8.jar;C:\Users\kandr\.m2\repository\io\rest-assured\xml-path\5.4.0\xml-path-5.4.0.jar;C:\Users\kandr\.m2\repository\org\apache\commons\commons-lang3\3.11\commons-lang3-3.11.jar;C:\Users\kandr\.m2\repository\com\google\code\gson\gson\2.10.1\gson-2.10.1.jar;C:\Users\kandr\.m2\repository\org\hamcrest\hamcrest\2.2\hamcrest-2.2.jar;C:\Users\kandr\.m2\repository\com\github\javafaker\javafaker\1.0.2\javafaker-1.0.2.jar;C:\Users\kandr\.m2\repository\org\yaml\snakeyaml\1.23\snakeyaml-1.23-android.jar;C:\Users\kandr\.m2\repository\com\github\mifmif\generex\1.0.2\generex-1.0.2.jar;C:\Users\kandr\.m2\repository\dk\brics\automaton\automaton\1.11-8\automaton-1.11-8.jar;C:\Users\kandr\.m2\repository\com\aventstack\extentreports\5.0.9\extentreports-5.0.9.jar;C:\Users\kandr\.m2\repository\io\reactivex\rxjava3\rxjava\3.0.4\rxjava-3.0.4.jar;C:\Users\kandr\.m2\repository\org\reactivestreams\reactive-streams\1.0.3\reactive-streams-1.0.3.jar;C:\Users\kandr\.m2\repository\org\freemarker\freemarker\2.3.30\freemarker-2.3.30.jar;C:\Users\kandr\.m2\repository\org\projectlombok\lombok\1.18.12\lombok-1.18.12.jar;C:\Users\kandr\.m2\repository\org\apache\poi\poi\5.2.3\poi-5.2.3.jar;C:\Users\kandr\.m2\repository\commons-codec\commons-codec\1.15\commons-codec-1.15.jar;C:\Users\kandr\.m2\repository\org\apache\commons\commons-collections4\4.4\commons-collections4-4.4.jar;C:\Users\kandr\.m2\repository\org\apache\commons\commons-math3\3.6.1\commons-math3-3.6.1.jar;C:\Users\kandr\.m2\repository\commons-io\commons-io\2.11.0\commons-io-2.11.0.jar;C:\Users\kandr\.m2\repository\com\zaxxer\SparseBitSet\1.2\SparseBitSet-1.2.jar;C:\Users\kandr\.m2\repository\org\apache\poi\poi-ooxml\5.2.3\poi-ooxml-5.2.3.jar;C:\Users\kandr\.m2\repository\org\apache\poi\poi-ooxml-lite\5.2.3\poi-ooxml-lite-5.2.3.jar;C:\Users\kandr\.m2\repository\org\apache\xmlbeans\xmlbeans\5.1.1\xmlbeans-5.1.1.jar;C:\Users\kandr\.m2\repository\org\apache\commons\commons-compress\1.21\commons-compress-1.21.jar;C:\Users\kandr\.m2\repository\com\github\virtuald\curvesapi\1.07\curvesapi-1.07.jar;C:\Users\kandr\.m2\repository\org\apache\logging\log4j\log4j-api\2.20.0\log4j-api-2.20.0.jar;C:\Users\kandr\.m2\repository\org\apache\logging\log4j\log4j-core\2.20.0\log4j-core-2.20.0.jar;C:\Users\kandr\.m2\repository\org\apache\logging\log4j\log4j-slf4j-impl\2.20.0\log4j-slf4j-impl-2.20.0.jar;"/>
    <property name="sun.cpu.endian" value="little"/>
    <property name="user.home" value="C:\Users\kandr"/>
    <property name="user.language" value="en"/>
    <property name="java.specification.vendor" value="Oracle Corporation"/>
    <property name="java.version.date" value="2022-01-18"/>
    <property name="java.home" value="D:\Softwares April Batch\eclipse\plugins\org.eclipse.justj.openjdk.hotspot.jre.full.win32.x86_64_17.0.2.v20220201-1208\jre"/>
    <property name="file.separator" value="\"/>
    <property name="basedir" value="C:\Users\kandr\eclipse-workspace2\API_Assignment_Dicetek_Intigral_Harikrishna_Kandra"/>
    <property name="java.vm.compressedOopsMode" value="32-bit"/>
    <property name="line.separator" value="&#10;"/>
    <property name="java.vm.specification.vendor" value="Oracle Corporation"/>
    <property name="java.specification.name" value="Java Platform API Specification"/>
    <property name="surefire.real.class.path" value="C:\Users\kandr\AppData\Local\Temp\surefire15723368518466287170\surefirebooter-20250220235842337_3.jar"/>
    <property name="user.script" value=""/>
    <property name="sun.management.compiler" value="HotSpot 64-Bit Tiered Compilers"/>
    <property name="java.runtime.version" value="17.0.2+8"/>
    <property name="user.name" value="kandr"/>
    <property name="path.separator" value=";"/>
    <property name="os.version" value="10.0"/>
    <property name="java.runtime.name" value="OpenJDK Runtime Environment"/>
    <property name="file.encoding" value="Cp1252"/>
    <property name="java.vm.name" value="OpenJDK 64-Bit Server VM"/>
    <property name="java.vendor.version" value="Temurin-17.0.2+8"/>
    <property name="localRepository" value="C:\Users\kandr\.m2\repository"/>
    <property name="java.vendor.url.bug" value="https://github.com/adoptium/adoptium-support/issues"/>
    <property name="java.io.tmpdir" value="C:\Users\kandr\AppData\Local\Temp\"/>
    <property name="java.version" value="17.0.2"/>
    <property name="user.dir" value="C:\Users\kandr\eclipse-workspace2\API_Assignment_Dicetek_Intigral_Harikrishna_Kandra"/>
    <property name="os.arch" value="amd64"/>
    <property name="java.vm.specification.name" value="Java Virtual Machine Specification"/>
    <property name="sun.os.patch.level" value=""/>
    <property name="native.encoding" value="Cp1252"/>
    <property name="java.library.path" value="D:\Softwares April Batch\eclipse\plugins\org.eclipse.justj.openjdk.hotspot.jre.full.win32.x86_64_17.0.2.v20220201-1208\jre\bin;C:\WINDOWS\Sun\Java\bin;C:\WINDOWS\system32;C:\WINDOWS;D:/Softwares April Batch/eclipse//plugins/org.eclipse.justj.openjdk.hotspot.jre.full.win32.x86_64_17.0.2.v20220201-1208/jre/bin/server;D:/Softwares April Batch/eclipse//plugins/org.eclipse.justj.openjdk.hotspot.jre.full.win32.x86_64_17.0.2.v20220201-1208/jre/bin;C:\Program Files\Common Files\Oracle\Java\javapath;C:\WINDOWS\system32;C:\WINDOWS;C:\WINDOWS\System32\Wbem;C:\WINDOWS\System32\WindowsPowerShell\v1.0\;C:\WINDOWS\System32\OpenSSH\;C:\Program Files\dotnet\;D:\Softwares\apache-maven-3.9.8\bin;C:\Program Files\nodejs\;C:\Users\kandr\AppData\Local\Android\Sdk\build-tools;C:\Users\kandr\AppData\Local\Android\Sdk\platform-tools;C:\Users\kandr\AppData\Local\Android\Sdk\platforms;C:\Program Files\nodejs\node_modules\npm\bin;C:\Users\kandr\AppData\Local\Android\Sdk\tools;C:\Program Files\nodejs\node_modules;C:\Program Files\Git\cmd;C:\Program Files\Git\bin;C:\Users\kandr\AppData\Local\Microsoft\WindowsApps;C:\Program Files\Java\jdk-11\bin;C:\Users\kandr\AppData\Roaming\npm;C:\Users\kandr\AppData\Local\Programs\Microsoft VS Code\bin;;D:\Softwares April Batch\eclipse;;."/>
    <property name="java.vm.info" value="mixed mode"/>
    <property name="java.vendor" value="Eclipse Adoptium"/>
    <property name="java.vm.version" value="17.0.2+8"/>
    <property name="sun.io.unicode.encoding" value="UnicodeLittle"/>
    <property name="java.class.version" value="61.0"/>
  </properties>
  <testcase name="testCreateBooking" classname="api.test.BookerPositiveTests" time="3.956">
    <system-out><![CDATA[2025-02-20 23:58:44 [main] DEBUG TestNG - suiteXmlPath: "C:\Users\kandr\eclipse-workspace2\API_Assignment_Dicetek_Intigral_Harikrishna_Kandra\testng.xml"
2025-02-20 23:58:45 [main] DEBUG BookerPositiveTests - ********** Test Execution Started **********
2025-02-20 23:58:45 [main] DEBUG BookerPositiveTests - Executing Test: testCreateBooking
2025-02-20 23:58:45 [main] INFO  BookerPositiveTests - *********** Creating Booking Item *************
HTTP/1.1 200 OK
Server: Cowboy
Report-To: {"group":"heroku-nel","max_age":3600,"endpoints":[{"url":"https://nel.heroku.com/reports?ts=1740076129&sid=c46efe9b-d3d2-4a0c-8c76-bfafa16c5add&s=aySzOrBnnvRfFg897xwTV5UxH%2FUHJTIVOS06T3w%2BsUo%3D"}]}
Reporting-Endpoints: heroku-nel=https://nel.heroku.com/reports?ts=1740076129&sid=c46efe9b-d3d2-4a0c-8c76-bfafa16c5add&s=aySzOrBnnvRfFg897xwTV5UxH%2FUHJTIVOS06T3w%2BsUo%3D
Nel: {"report_to":"heroku-nel","max_age":3600,"success_fraction":0.005,"failure_fraction":0.05,"response_headers":["Via"]}
Connection: keep-alive
X-Powered-By: Express
Content-Type: application/json; charset=utf-8
Content-Length: 210
Etag: W/"d2-YPVAU+bJOkjq/ix/rbDmqFXfIRM"
Date: Thu, 20 Feb 2025 18:28:49 GMT
Via: 1.1 vegur

{
    "bookingid": 3941,
    "booking": {
        "firstname": "Peggie",
        "lastname": "Nicolas",
        "totalprice": 282,
        "depositpaid": true,
        "bookingdates": {
            "checkin": "2022-01-01",
            "checkout": "2024-01-01"
        },
        "additionalneeds": "Philadelphia Maki"
    }
}
2025-02-20 23:58:49 [main] DEBUG BookerPositiveTests - Booking created successfully. Booking ID: 3941
]]></system-out>
  </testcase>
  <testcase name="validateAddItemStatusCode" classname="api.test.BookerPositiveTests" time="0.001"/>
  <testcase name="validateAddItemResponseTime" classname="api.test.BookerPositiveTests" time="0.004"/>
  <testcase name="validateContentTypeHeader" classname="api.test.BookerPositiveTests" time="0.002"/>
  <testcase name="validateResponseBodyFields" classname="api.test.BookerPositiveTests" time="0.116"/>
  <testcase name="validateBookingDatesFormat" classname="api.test.BookerPositiveTests" time="0.03"/>
  <testcase name="testGetBooking" classname="api.test.BookerPositiveTests" time="1.447">
    <system-out><![CDATA[2025-02-20 23:58:50 [main] DEBUG BookerPositiveTests - ==== Starting test: Get Booking Details ====
HTTP/1.1 200 OK
Server: Cowboy
Report-To: {"group":"heroku-nel","max_age":3600,"endpoints":[{"url":"https://nel.heroku.com/reports?ts=1740076132&sid=c46efe9b-d3d2-4a0c-8c76-bfafa16c5add&s=nRcZ39y09WdNVbD8cKbkdt8BVOsxHt%2FIiuEN2av9XDs%3D"}]}
Reporting-Endpoints: heroku-nel=https://nel.heroku.com/reports?ts=1740076132&sid=c46efe9b-d3d2-4a0c-8c76-bfafa16c5add&s=nRcZ39y09WdNVbD8cKbkdt8BVOsxHt%2FIiuEN2av9XDs%3D
Nel: {"report_to":"heroku-nel","max_age":3600,"success_fraction":0.005,"failure_fraction":0.05,"response_headers":["Via"]}
Connection: keep-alive
X-Powered-By: Express
Content-Type: application/json; charset=utf-8
Content-Length: 181
Etag: W/"b5-+2jW4weL4xluakH6afqySFjgemI"
Date: Thu, 20 Feb 2025 18:28:52 GMT
Via: 1.1 vegur

{
    "firstname": "Peggie",
    "lastname": "Nicolas",
    "totalprice": 282,
    "depositpaid": true,
    "bookingdates": {
        "checkin": "2022-01-01",
        "checkout": "2024-01-01"
    },
    "additionalneeds": "Philadelphia Maki"
}
2025-02-20 23:58:51 [main] DEBUG BookerPositiveTests - Booking details retrieved successfully for Booking ID: 3941
]]></system-out>
  </testcase>
  <testcase name="validateReadItemStatusCode" classname="api.test.BookerPositiveTests" time="0.002"/>
  <testcase name="validateReadItemResponseTime" classname="api.test.BookerPositiveTests" time="0.001"/>
  <testcase name="validatereadContentType" classname="api.test.BookerPositiveTests" time="0.001"/>
  <testcase name="validatereadItesmBookingFields" classname="api.test.BookerPositiveTests" time="0.047"/>
  <testcase name="validatereadItemDateFormat" classname="api.test.BookerPositiveTests" time="0.021"/>
  <testcase name="validatetestMissingFirstname" classname="api.test.BookerNegativeTests" time="1.461">
    <system-out><![CDATA[HTTP/1.1 500 Internal Server Error
Server: Cowboy
Report-To: {"group":"heroku-nel","max_age":3600,"endpoints":[{"url":"https://nel.heroku.com/reports?ts=1740076133&sid=c46efe9b-d3d2-4a0c-8c76-bfafa16c5add&s=uXhSgCggBEvC73jegUCVe3guAOHVwQvY5DrwSFMujTY%3D"}]}
Reporting-Endpoints: heroku-nel=https://nel.heroku.com/reports?ts=1740076133&sid=c46efe9b-d3d2-4a0c-8c76-bfafa16c5add&s=uXhSgCggBEvC73jegUCVe3guAOHVwQvY5DrwSFMujTY%3D
Nel: {"report_to":"heroku-nel","max_age":3600,"success_fraction":0.005,"failure_fraction":0.05,"response_headers":["Via"]}
Connection: keep-alive
X-Powered-By: Express
Content-Type: text/plain; charset=utf-8
Content-Length: 21
Etag: W/"15-/6VXivhc2MKdLfIkLcUE47K6aH0"
Date: Thu, 20 Feb 2025 18:28:53 GMT
Via: 1.1 vegur

Internal Server Error
]]></system-out>
  </testcase>
  <testcase name="validatetestInvalidPriceDataType" classname="api.test.BookerNegativeTests" time="1.326">
    <system-out><![CDATA[HTTP/1.1 200 OK
Server: Cowboy
Report-To: {"group":"heroku-nel","max_age":3600,"endpoints":[{"url":"https://nel.heroku.com/reports?ts=1740076135&sid=c46efe9b-d3d2-4a0c-8c76-bfafa16c5add&s=ev8A3V089f0N%2Bqkl9BBzAz7ENMLN26kd37rV3PUZKm8%3D"}]}
Reporting-Endpoints: heroku-nel=https://nel.heroku.com/reports?ts=1740076135&sid=c46efe9b-d3d2-4a0c-8c76-bfafa16c5add&s=ev8A3V089f0N%2Bqkl9BBzAz7ENMLN26kd37rV3PUZKm8%3D
Nel: {"report_to":"heroku-nel","max_age":3600,"success_fraction":0.005,"failure_fraction":0.05,"response_headers":["Via"]}
Connection: keep-alive
X-Powered-By: Express
Content-Type: application/json; charset=utf-8
Content-Length: 193
Etag: W/"c1-at1tus7eVMQlU6eZTPiDmq4wHCo"
Date: Thu, 20 Feb 2025 18:28:55 GMT
Via: 1.1 vegur

{
    "bookingid": 3976,
    "booking": {
        "firstname": "John",
        "lastname": "Doe",
        "totalprice": null,
        "depositpaid": true,
        "bookingdates": {
            "checkin": "2023-01-01",
            "checkout": "2023-01-10"
        },
        "additionalneeds": "Lunch"
    }
}
]]></system-out>
  </testcase>
  <testcase name="validatetestInvalidDateFormat" classname="api.test.BookerNegativeTests" time="1.483">
    <system-out><![CDATA[HTTP/1.1 200 OK
Server: Cowboy
Report-To: {"group":"heroku-nel","max_age":3600,"endpoints":[{"url":"https://nel.heroku.com/reports?ts=1740076136&sid=c46efe9b-d3d2-4a0c-8c76-bfafa16c5add&s=H1knM8omdKX8Iv5CFa5FkUywQf%2FuzdkjT%2Bn9adPPI18%3D"}]}
Reporting-Endpoints: heroku-nel=https://nel.heroku.com/reports?ts=1740076136&sid=c46efe9b-d3d2-4a0c-8c76-bfafa16c5add&s=H1knM8omdKX8Iv5CFa5FkUywQf%2FuzdkjT%2Bn9adPPI18%3D
Nel: {"report_to":"heroku-nel","max_age":3600,"success_fraction":0.005,"failure_fraction":0.05,"response_headers":["Via"]}
Connection: keep-alive
X-Powered-By: Express
Content-Type: application/json; charset=utf-8
Content-Length: 193
Etag: W/"c1-zLuoeZM8VmJt7uho//AXQFTB41Y"
Date: Thu, 20 Feb 2025 18:28:56 GMT
Via: 1.1 vegur

{
    "bookingid": 3989,
    "booking": {
        "firstname": "John",
        "lastname": "Doe",
        "totalprice": 150,
        "depositpaid": true,
        "bookingdates": {
            "checkin": "2023-01-01",
            "checkout": "2023-01-10"
        },
        "additionalneeds": "Dinner"
    }
}
]]></system-out>
  </testcase>
  <testcase name="validatetestMissingBookingDates" classname="api.test.BookerNegativeTests" time="1.388">
    <system-out><![CDATA[HTTP/1.1 500 Internal Server Error
Server: Cowboy
Report-To: {"group":"heroku-nel","max_age":3600,"endpoints":[{"url":"https://nel.heroku.com/reports?ts=1740076138&sid=c46efe9b-d3d2-4a0c-8c76-bfafa16c5add&s=QBxPhkfRhHrvc9c20Sikk%2Fp82yAOADGxZSSQ7zGsvTg%3D"}]}
Reporting-Endpoints: heroku-nel=https://nel.heroku.com/reports?ts=1740076138&sid=c46efe9b-d3d2-4a0c-8c76-bfafa16c5add&s=QBxPhkfRhHrvc9c20Sikk%2Fp82yAOADGxZSSQ7zGsvTg%3D
Nel: {"report_to":"heroku-nel","max_age":3600,"success_fraction":0.005,"failure_fraction":0.05,"response_headers":["Via"]}
Connection: keep-alive
X-Powered-By: Express
Content-Type: text/plain; charset=utf-8
Content-Length: 21
Etag: W/"15-/6VXivhc2MKdLfIkLcUE47K6aH0"
Date: Thu, 20 Feb 2025 18:28:58 GMT
Via: 1.1 vegur

Internal Server Error
]]></system-out>
  </testcase>
  <testcase name="validatetestGetBookingWithInvalidId" classname="api.test.BookerNegativeTests" time="1.507">
    <system-out><![CDATA[HTTP/1.1 404 Not Found
Server: Cowboy
Report-To: {"group":"heroku-nel","max_age":3600,"endpoints":[{"url":"https://nel.heroku.com/reports?ts=1740076139&sid=c46efe9b-d3d2-4a0c-8c76-bfafa16c5add&s=YwoBrsdQlXzNDnBwOd%2BM8tNZlMU6%2FYUPxIULUai4wKA%3D"}]}
Reporting-Endpoints: heroku-nel=https://nel.heroku.com/reports?ts=1740076139&sid=c46efe9b-d3d2-4a0c-8c76-bfafa16c5add&s=YwoBrsdQlXzNDnBwOd%2BM8tNZlMU6%2FYUPxIULUai4wKA%3D
Nel: {"report_to":"heroku-nel","max_age":3600,"success_fraction":0.005,"failure_fraction":0.05,"response_headers":["Via"]}
Connection: keep-alive
X-Powered-By: Express
Content-Type: text/plain; charset=utf-8
Content-Length: 9
Etag: W/"9-0gXL1ngzMqISxa6S1zx3F4wtLyg"
Date: Thu, 20 Feb 2025 18:28:59 GMT
Via: 1.1 vegur

Not Found
HTTP/1.1 404 Not Found
Server: Cowboy
Report-To: {"group":"heroku-nel","max_age":3600,"endpoints":[{"url":"https://nel.heroku.com/reports?ts=1740076139&sid=c46efe9b-d3d2-4a0c-8c76-bfafa16c5add&s=YwoBrsdQlXzNDnBwOd%2BM8tNZlMU6%2FYUPxIULUai4wKA%3D"}]}
Reporting-Endpoints: heroku-nel=https://nel.heroku.com/reports?ts=1740076139&sid=c46efe9b-d3d2-4a0c-8c76-bfafa16c5add&s=YwoBrsdQlXzNDnBwOd%2BM8tNZlMU6%2FYUPxIULUai4wKA%3D
Nel: {"report_to":"heroku-nel","max_age":3600,"success_fraction":0.005,"failure_fraction":0.05,"response_headers":["Via"]}
Connection: keep-alive
X-Powered-By: Express
Content-Type: text/plain; charset=utf-8
Content-Length: 9
Etag: W/"9-0gXL1ngzMqISxa6S1zx3F4wtLyg"
Date: Thu, 20 Feb 2025 18:28:59 GMT
Via: 1.1 vegur

Not Found
]]></system-out>
  </testcase>
  <testcase name="validatetestRequestWithoutContentType" classname="api.test.BookerNegativeTests" time="1.39">
    <system-out><![CDATA[HTTP/1.1 200 OK
Server: Cowboy
Report-To: {"group":"heroku-nel","max_age":3600,"endpoints":[{"url":"https://nel.heroku.com/reports?ts=1740076140&sid=c46efe9b-d3d2-4a0c-8c76-bfafa16c5add&s=ZiJlEK7K7hDUhUSqCthtVcEtUBwDGV8mGLtsYqAkNpQ%3D"}]}
Reporting-Endpoints: heroku-nel=https://nel.heroku.com/reports?ts=1740076140&sid=c46efe9b-d3d2-4a0c-8c76-bfafa16c5add&s=ZiJlEK7K7hDUhUSqCthtVcEtUBwDGV8mGLtsYqAkNpQ%3D
Nel: {"report_to":"heroku-nel","max_age":3600,"success_fraction":0.005,"failure_fraction":0.05,"response_headers":["Via"]}
Connection: keep-alive
X-Powered-By: Express
Content-Type: application/json; charset=utf-8
Content-Length: 190
Etag: W/"be-ADkvNyytqR5rS5wHfDWwPhPGS5s"
Date: Thu, 20 Feb 2025 18:29:00 GMT
Via: 1.1 vegur

{
    "bookingid": 4024,
    "booking": {
        "firstname": "John",
        "lastname": "Doe",
        "totalprice": 300,
        "depositpaid": true,
        "bookingdates": {
            "checkin": "2023-01-01",
            "checkout": "2023-01-10"
        },
        "additionalneeds": "Gym"
    }
}
]]></system-out>
  </testcase>
  <testcase name="validatetestNegativeScenarios[missingFirstname, , Doe, 100, true, 2023-01-01, 2023-01-10](1)" classname="api.test.BookerNegativeTests1" time="1.427">
    <system-out><![CDATA[2025-02-20 23:59:00 [main] DEBUG BookerNegativeTests1 - Starting API Negative Tests...
2025-02-20 23:59:00 [main] DEBUG BookerNegativeTests1 - Executing test case: missingFirstname
HTTP/1.1 200 OK
Server: Cowboy
Report-To: {"group":"heroku-nel","max_age":3600,"endpoints":[{"url":"https://nel.heroku.com/reports?ts=1740076142&sid=c46efe9b-d3d2-4a0c-8c76-bfafa16c5add&s=DUgOi7EAFzi0ouPGwJsOAt3zaA6RLxk1V9TPJfeVDdI%3D"}]}
Reporting-Endpoints: heroku-nel=https://nel.heroku.com/reports?ts=1740076142&sid=c46efe9b-d3d2-4a0c-8c76-bfafa16c5add&s=DUgOi7EAFzi0ouPGwJsOAt3zaA6RLxk1V9TPJfeVDdI%3D
Nel: {"report_to":"heroku-nel","max_age":3600,"success_fraction":0.005,"failure_fraction":0.05,"response_headers":["Via"]}
Connection: keep-alive
X-Powered-By: Express
Content-Type: application/json; charset=utf-8
Content-Length: 187
Etag: W/"bb-+Ci2wxRXfCUCzYZ9aEq7E302c5U"
Date: Thu, 20 Feb 2025 18:29:02 GMT
Via: 1.1 vegur

{
    "bookingid": 4034,
    "booking": {
        "firstname": "",
        "lastname": "Doe",
        "totalprice": 100,
        "depositpaid": true,
        "bookingdates": {
            "checkin": "2023-01-01",
            "checkout": "2023-01-10"
        },
        "additionalneeds": "None"
    }
}
]]></system-out>
  </testcase>
  <testcase name="validatetestNegativeScenarios[invalidPrice, John, Doe, invalid, true, 2023-01-01, 2023-01-10](2)" classname="api.test.BookerNegativeTests1" time="1.554">
    <system-out><![CDATA[2025-02-20 23:59:01 [main] DEBUG BookerNegativeTests1 - Executing test case: invalidPrice
HTTP/1.1 200 OK
Server: Cowboy
Report-To: {"group":"heroku-nel","max_age":3600,"endpoints":[{"url":"https://nel.heroku.com/reports?ts=1740076143&sid=c46efe9b-d3d2-4a0c-8c76-bfafa16c5add&s=ucgnIig%2B3ZIn0JxILPUu6C1tvKLvwdjNXC8mtq0RLi8%3D"}]}
Reporting-Endpoints: heroku-nel=https://nel.heroku.com/reports?ts=1740076143&sid=c46efe9b-d3d2-4a0c-8c76-bfafa16c5add&s=ucgnIig%2B3ZIn0JxILPUu6C1tvKLvwdjNXC8mtq0RLi8%3D
Nel: {"report_to":"heroku-nel","max_age":3600,"success_fraction":0.005,"failure_fraction":0.05,"response_headers":["Via"]}
Connection: keep-alive
X-Powered-By: Express
Content-Type: application/json; charset=utf-8
Content-Length: 192
Etag: W/"c0-qjMmnQJlcURNAf2BCipbi9OiErI"
Date: Thu, 20 Feb 2025 18:29:03 GMT
Via: 1.1 vegur

{
    "bookingid": 4046,
    "booking": {
        "firstname": "John",
        "lastname": "Doe",
        "totalprice": null,
        "depositpaid": true,
        "bookingdates": {
            "checkin": "2023-01-01",
            "checkout": "2023-01-10"
        },
        "additionalneeds": "None"
    }
}
]]></system-out>
  </testcase>
  <testcase name="validatetestNegativeScenarios[invalidCheckinFormat, John, Doe, 100, true, 01-01-2023, 2023-01-10](3)" classname="api.test.BookerNegativeTests1" time="1.468">
    <system-out><![CDATA[2025-02-20 23:59:03 [main] DEBUG BookerNegativeTests1 - Executing test case: invalidCheckinFormat
HTTP/1.1 200 OK
Server: Cowboy
Report-To: {"group":"heroku-nel","max_age":3600,"endpoints":[{"url":"https://nel.heroku.com/reports?ts=1740076145&sid=c46efe9b-d3d2-4a0c-8c76-bfafa16c5add&s=X7PaK2OvNcrnXGO%2BIpCmTyTv27sVrXV6rrrQtCpdYTQ%3D"}]}
Reporting-Endpoints: heroku-nel=https://nel.heroku.com/reports?ts=1740076145&sid=c46efe9b-d3d2-4a0c-8c76-bfafa16c5add&s=X7PaK2OvNcrnXGO%2BIpCmTyTv27sVrXV6rrrQtCpdYTQ%3D
Nel: {"report_to":"heroku-nel","max_age":3600,"success_fraction":0.005,"failure_fraction":0.05,"response_headers":["Via"]}
Connection: keep-alive
X-Powered-By: Express
Content-Type: application/json; charset=utf-8
Content-Length: 191
Etag: W/"bf-fp2vMXUgNB6c1BPhnbaSACZ7NOQ"
Date: Thu, 20 Feb 2025 18:29:05 GMT
Via: 1.1 vegur

{
    "bookingid": 4068,
    "booking": {
        "firstname": "John",
        "lastname": "Doe",
        "totalprice": 100,
        "depositpaid": true,
        "bookingdates": {
            "checkin": "2023-01-01",
            "checkout": "2023-01-10"
        },
        "additionalneeds": "None"
    }
}
]]></system-out>
  </testcase>
</testsuite>