<?xml version="1.0" encoding="UTF-8"?>
<!-- Generated by org.testng.reporters.JUnitReportReporter -->
<testsuite hostname="Harikrishna" failures="0" tests="3" name="api.test.BookerNegativeTests1" time="4.204" errors="0" timestamp="2025-02-20T21:58:52 IST" skipped="0">
  <testcase classname="api.test.BookerNegativeTests1" name="validatetestNegativeScenarios" time="1.421"/>
  <system-out/>
  <testcase classname="api.test.BookerNegativeTests1" name="validatetestNegativeScenarios" time="1.391"/>
  <system-out/>
  <testcase classname="api.test.BookerNegativeTests1" name="validatetestNegativeScenarios" time="1.392"/>
  <system-out/>
</testsuite> <!-- api.test.BookerNegativeTests1 -->
