<?xml version="1.0" encoding="UTF-8"?>
<!-- Generated by org.testng.reporters.JUnitReportReporter -->
<testsuite hostname="Harikrishna" failures="0" tests="2" name="api.test.BookerTests" time="5.592" errors="0" timestamp="2025-02-20T16:14:16 IST" skipped="0">
  <testcase classname="api.test.BookerTests" name="testAddItem" time="4.138"/>
  <system-out/>
  <testcase classname="api.test.BookerTests" name="testGetBooking" time="1.454"/>
  <system-out/>
</testsuite> <!-- api.test.BookerTests -->
