<?xml version="1.0" encoding="UTF-8"?>
<!-- Generated by org.testng.reporters.JUnitReportReporter -->
<testsuite hostname="Harikrishna" failures="0" tests="12" name="api.test.BookerPositiveTests" time="6.879" errors="0" timestamp="2025-02-20T21:58:52 IST" skipped="0">
  <testcase classname="api.test.BookerPositiveTests" name="testCreateBooking" time="5.218"/>
  <system-out/>
  <testcase classname="api.test.BookerPositiveTests" name="validateAddItemStatusCode" time="0.002"/>
  <system-out/>
  <testcase classname="api.test.BookerPositiveTests" name="validateAddItemResponseTime" time="0.004"/>
  <system-out/>
  <testcase classname="api.test.BookerPositiveTests" name="validateContentTypeHeader" time="0.002"/>
  <system-out/>
  <testcase classname="api.test.BookerPositiveTests" name="validateResponseBodyFields" time="0.173"/>
  <system-out/>
  <testcase classname="api.test.BookerPositiveTests" name="validateBookingDatesFormat" time="0.033"/>
  <system-out/>
  <testcase classname="api.test.BookerPositiveTests" name="testGetBooking" time="1.340"/>
  <system-out/>
  <testcase classname="api.test.BookerPositiveTests" name="validateReadItemStatusCode" time="0.000"/>
  <system-out/>
  <testcase classname="api.test.BookerPositiveTests" name="validateReadItemResponseTime" time="0.000"/>
  <system-out/>
  <testcase classname="api.test.BookerPositiveTests" name="validatereadContentType" time="0.001"/>
  <system-out/>
  <testcase classname="api.test.BookerPositiveTests" name="validatereadItesmBookingFields" time="0.061"/>
  <system-out/>
  <testcase classname="api.test.BookerPositiveTests" name="validatereadItemDateFormat" time="0.045"/>
  <system-out/>
</testsuite> <!-- api.test.BookerPositiveTests -->
