<?xml version="1.0" encoding="UTF-8"?>
<!-- Generated by org.testng.reporters.JUnitReportReporter -->
<testsuite hostname="Harikrishna" failures="0" tests="6" name="api.test.BookerNegativeTests" time="9.556" errors="0" timestamp="2025-02-20T21:58:52 IST" skipped="0">
  <testcase classname="api.test.BookerNegativeTests" name="validatetestMissingFirstname" time="1.959"/>
  <system-out/>
  <testcase classname="api.test.BookerNegativeTests" name="validatetestInvalidPriceDataType" time="1.689"/>
  <system-out/>
  <testcase classname="api.test.BookerNegativeTests" name="validatetestInvalidDateFormat" time="1.488"/>
  <system-out/>
  <testcase classname="api.test.BookerNegativeTests" name="validatetestMissingBookingDates" time="1.379"/>
  <system-out/>
  <testcase classname="api.test.BookerNegativeTests" name="validatetestGetBookingWithInvalidId" time="1.520"/>
  <system-out/>
  <testcase classname="api.test.BookerNegativeTests" name="validatetestRequestWithoutContentType" time="1.521"/>
  <system-out/>
</testsuite> <!-- api.test.BookerNegativeTests -->
