<?xml version="1.0" encoding="UTF-8"?>
<!-- Generated by org.testng.reporters.JUnitReportReporter -->
<testsuite hostname="Harikrishna" failures="0" tests="6" name="api.test.BookerNegativeTests" time="8.713" errors="0" timestamp="2025-02-20T23:02:29 IST" skipped="0">
  <testcase classname="api.test.BookerNegativeTests" name="validatetestMissingFirstname" time="1.439"/>
  <system-out/>
  <testcase classname="api.test.BookerNegativeTests" name="validatetestInvalidPriceDataType" time="1.431"/>
  <system-out/>
  <testcase classname="api.test.BookerNegativeTests" name="validatetestInvalidDateFormat" time="1.425"/>
  <system-out/>
  <testcase classname="api.test.BookerNegativeTests" name="validatetestMissingBookingDates" time="1.431"/>
  <system-out/>
  <testcase classname="api.test.BookerNegativeTests" name="validatetestGetBookingWithInvalidId" time="1.538"/>
  <system-out/>
  <testcase classname="api.test.BookerNegativeTests" name="validatetestRequestWithoutContentType" time="1.449"/>
  <system-out/>
</testsuite> <!-- api.test.BookerNegativeTests -->
