<?xml version="1.0" encoding="UTF-8"?>
<!-- Generated by org.testng.reporters.JUnitReportReporter -->
<testsuite hostname="Harikrishna" failures="0" tests="6" name="api.test.BookerNegativeTests" time="8.548" errors="0" timestamp="2025-02-20T23:59:05 IST" skipped="0">
  <testcase classname="api.test.BookerNegativeTests" name="validatetestMissingFirstname" time="1.459"/>
  <system-out/>
  <testcase classname="api.test.BookerNegativeTests" name="validatetestInvalidPriceDataType" time="1.325"/>
  <system-out/>
  <testcase classname="api.test.BookerNegativeTests" name="validatetestInvalidDateFormat" time="1.480"/>
  <system-out/>
  <testcase classname="api.test.BookerNegativeTests" name="validatetestMissingBookingDates" time="1.390"/>
  <system-out/>
  <testcase classname="api.test.BookerNegativeTests" name="validatetestGetBookingWithInvalidId" time="1.504"/>
  <system-out/>
  <testcase classname="api.test.BookerNegativeTests" name="validatetestRequestWithoutContentType" time="1.390"/>
  <system-out/>
</testsuite> <!-- api.test.BookerNegativeTests -->
