<?xml version="1.0" encoding="UTF-8"?>
<!-- Generated by org.testng.reporters.JUnitReportReporter -->
<testsuite hostname="Harikrishna" failures="0" tests="12" name="api.test.BookerPositiveTests" time="5.609" errors="0" timestamp="2025-02-20T23:59:05 IST" skipped="0">
  <testcase classname="api.test.BookerPositiveTests" name="testCreateBooking" time="3.942"/>
  <system-out/>
  <testcase classname="api.test.BookerPositiveTests" name="validateAddItemStatusCode" time="0.001"/>
  <system-out/>
  <testcase classname="api.test.BookerPositiveTests" name="validateAddItemResponseTime" time="0.002"/>
  <system-out/>
  <testcase classname="api.test.BookerPositiveTests" name="validateContentTypeHeader" time="0.001"/>
  <system-out/>
  <testcase classname="api.test.BookerPositiveTests" name="validateResponseBodyFields" time="0.116"/>
  <system-out/>
  <testcase classname="api.test.BookerPositiveTests" name="validateBookingDatesFormat" time="0.031"/>
  <system-out/>
  <testcase classname="api.test.BookerPositiveTests" name="testGetBooking" time="1.448"/>
  <system-out/>
  <testcase classname="api.test.BookerPositiveTests" name="validateReadItemStatusCode" time="0.001"/>
  <system-out/>
  <testcase classname="api.test.BookerPositiveTests" name="validateReadItemResponseTime" time="0.000"/>
  <system-out/>
  <testcase classname="api.test.BookerPositiveTests" name="validatereadContentType" time="0.001"/>
  <system-out/>
  <testcase classname="api.test.BookerPositiveTests" name="validatereadItesmBookingFields" time="0.046"/>
  <system-out/>
  <testcase classname="api.test.BookerPositiveTests" name="validatereadItemDateFormat" time="0.020"/>
  <system-out/>
</testsuite> <!-- api.test.BookerPositiveTests -->
