<?xml version="1.0" encoding="UTF-8"?>
<!-- Generated by org.testng.reporters.JUnitReportReporter -->
<testsuite hostname="Harikrishna" failures="0" tests="3" name="api.test.BookerNegativeTests1" time="4.482" errors="0" timestamp="2025-02-20T23:02:29 IST" skipped="0">
  <testcase classname="api.test.BookerNegativeTests1" name="validatetestNegativeScenarios" time="1.480"/>
  <system-out/>
  <testcase classname="api.test.BookerNegativeTests1" name="validatetestNegativeScenarios" time="1.380"/>
  <system-out/>
  <testcase classname="api.test.BookerNegativeTests1" name="validatetestNegativeScenarios" time="1.622"/>
  <system-out/>
</testsuite> <!-- api.test.BookerNegativeTests1 -->
